/home/kiki/realsuicidedrone/install/balloon_hunter/lib/python3.10/site-packages/balloon_hunter/ibvs_controller.py
/home/kiki/realsuicidedrone/install/balloon_hunter/lib/python3.10/site-packages/balloon_hunter/filter_node.py
/home/kiki/realsuicidedrone/install/balloon_hunter/lib/python3.10/site-packages/balloon_hunter/png_guidance.py
/home/kiki/realsuicidedrone/install/balloon_hunter/lib/python3.10/site-packages/balloon_hunter/balloon_detector.py
/home/kiki/realsuicidedrone/install/balloon_hunter/lib/python3.10/site-packages/balloon_hunter/drone_manager_real.py
/home/kiki/realsuicidedrone/install/balloon_hunter/lib/python3.10/site-packages/balloon_hunter/logger.py
/home/kiki/realsuicidedrone/install/balloon_hunter/lib/python3.10/site-packages/balloon_hunter/__init__.py
/home/kiki/realsuicidedrone/install/balloon_hunter/lib/python3.10/site-packages/balloon_hunter/drone_visualizer_real.py
/home/kiki/realsuicidedrone/install/balloon_hunter/lib/python3.10/site-packages/balloon_hunter/__pycache__/ibvs_controller.cpython-310.pyc
/home/kiki/realsuicidedrone/install/balloon_hunter/lib/python3.10/site-packages/balloon_hunter/__pycache__/filter_node.cpython-310.pyc
/home/kiki/realsuicidedrone/install/balloon_hunter/lib/python3.10/site-packages/balloon_hunter/__pycache__/png_guidance.cpython-310.pyc
/home/kiki/realsuicidedrone/install/balloon_hunter/lib/python3.10/site-packages/balloon_hunter/__pycache__/balloon_detector.cpython-310.pyc
/home/kiki/realsuicidedrone/install/balloon_hunter/lib/python3.10/site-packages/balloon_hunter/__pycache__/drone_manager_real.cpython-310.pyc
/home/kiki/realsuicidedrone/install/balloon_hunter/lib/python3.10/site-packages/balloon_hunter/__pycache__/logger.cpython-310.pyc
/home/kiki/realsuicidedrone/install/balloon_hunter/lib/python3.10/site-packages/balloon_hunter/__pycache__/__init__.cpython-310.pyc
/home/kiki/realsuicidedrone/install/balloon_hunter/lib/python3.10/site-packages/balloon_hunter/__pycache__/drone_visualizer_real.cpython-310.pyc
/home/kiki/realsuicidedrone/install/balloon_hunter/share/ament_index/resource_index/packages/balloon_hunter
/home/kiki/realsuicidedrone/install/balloon_hunter/share/balloon_hunter/package.xml
/home/kiki/realsuicidedrone/install/balloon_hunter/share/balloon_hunter/launch/balloon_hunt_real.launch.py
/home/kiki/realsuicidedrone/install/balloon_hunter/share/balloon_hunter/config/drone_trajectory.rviz
/home/kiki/realsuicidedrone/install/balloon_hunter/lib/python3.10/site-packages/balloon_hunter-1.0.0-py3.10.egg-info/PKG-INFO
/home/kiki/realsuicidedrone/install/balloon_hunter/lib/python3.10/site-packages/balloon_hunter-1.0.0-py3.10.egg-info/requires.txt
/home/kiki/realsuicidedrone/install/balloon_hunter/lib/python3.10/site-packages/balloon_hunter-1.0.0-py3.10.egg-info/zip-safe
/home/kiki/realsuicidedrone/install/balloon_hunter/lib/python3.10/site-packages/balloon_hunter-1.0.0-py3.10.egg-info/top_level.txt
/home/kiki/realsuicidedrone/install/balloon_hunter/lib/python3.10/site-packages/balloon_hunter-1.0.0-py3.10.egg-info/dependency_links.txt
/home/kiki/realsuicidedrone/install/balloon_hunter/lib/python3.10/site-packages/balloon_hunter-1.0.0-py3.10.egg-info/SOURCES.txt
/home/kiki/realsuicidedrone/install/balloon_hunter/lib/python3.10/site-packages/balloon_hunter-1.0.0-py3.10.egg-info/entry_points.txt
/home/kiki/realsuicidedrone/install/balloon_hunter/bin/balloon_detector
/home/kiki/realsuicidedrone/install/balloon_hunter/bin/drone_manager_real
/home/kiki/realsuicidedrone/install/balloon_hunter/bin/drone_visualizer_real
/home/kiki/realsuicidedrone/install/balloon_hunter/bin/filter_node
/home/kiki/realsuicidedrone/install/balloon_hunter/bin/ibvs_controller
/home/kiki/realsuicidedrone/install/balloon_hunter/bin/logger
/home/kiki/realsuicidedrone/install/balloon_hunter/bin/png_guidance
