running egg_info
creating ../../build/balloon_hunter/balloon_hunter.egg-info
writing ../../build/balloon_hunter/balloon_hunter.egg-info/PKG-INFO
writing dependency_links to ../../build/balloon_hunter/balloon_hunter.egg-info/dependency_links.txt
writing entry points to ../../build/balloon_hunter/balloon_hunter.egg-info/entry_points.txt
writing requirements to ../../build/balloon_hunter/balloon_hunter.egg-info/requires.txt
writing top-level names to ../../build/balloon_hunter/balloon_hunter.egg-info/top_level.txt
writing manifest file '../../build/balloon_hunter/balloon_hunter.egg-info/SOURCES.txt'
reading manifest file '../../build/balloon_hunter/balloon_hunter.egg-info/SOURCES.txt'
writing manifest file '../../build/balloon_hunter/balloon_hunter.egg-info/SOURCES.txt'
running build
running build_py
creating /home/kiki/realsuicidedrone/build/balloon_hunter/build
creating /home/kiki/realsuicidedrone/build/balloon_hunter/build/lib
creating /home/kiki/realsuicidedrone/build/balloon_hunter/build/lib/balloon_hunter
copying balloon_hunter/ibvs_controller.py -> /home/kiki/realsuicidedrone/build/balloon_hunter/build/lib/balloon_hunter
copying balloon_hunter/filter_node.py -> /home/kiki/realsuicidedrone/build/balloon_hunter/build/lib/balloon_hunter
copying balloon_hunter/png_guidance.py -> /home/kiki/realsuicidedrone/build/balloon_hunter/build/lib/balloon_hunter
copying balloon_hunter/balloon_detector.py -> /home/kiki/realsuicidedrone/build/balloon_hunter/build/lib/balloon_hunter
copying balloon_hunter/drone_manager_real.py -> /home/kiki/realsuicidedrone/build/balloon_hunter/build/lib/balloon_hunter
copying balloon_hunter/logger.py -> /home/kiki/realsuicidedrone/build/balloon_hunter/build/lib/balloon_hunter
copying balloon_hunter/__init__.py -> /home/kiki/realsuicidedrone/build/balloon_hunter/build/lib/balloon_hunter
copying balloon_hunter/drone_visualizer_real.py -> /home/kiki/realsuicidedrone/build/balloon_hunter/build/lib/balloon_hunter
running install
running install_lib
creating /home/kiki/realsuicidedrone/install/balloon_hunter/lib/python3.10/site-packages/balloon_hunter
copying /home/kiki/realsuicidedrone/build/balloon_hunter/build/lib/balloon_hunter/ibvs_controller.py -> /home/kiki/realsuicidedrone/install/balloon_hunter/lib/python3.10/site-packages/balloon_hunter
copying /home/kiki/realsuicidedrone/build/balloon_hunter/build/lib/balloon_hunter/filter_node.py -> /home/kiki/realsuicidedrone/install/balloon_hunter/lib/python3.10/site-packages/balloon_hunter
copying /home/kiki/realsuicidedrone/build/balloon_hunter/build/lib/balloon_hunter/png_guidance.py -> /home/kiki/realsuicidedrone/install/balloon_hunter/lib/python3.10/site-packages/balloon_hunter
copying /home/kiki/realsuicidedrone/build/balloon_hunter/build/lib/balloon_hunter/balloon_detector.py -> /home/kiki/realsuicidedrone/install/balloon_hunter/lib/python3.10/site-packages/balloon_hunter
copying /home/kiki/realsuicidedrone/build/balloon_hunter/build/lib/balloon_hunter/drone_manager_real.py -> /home/kiki/realsuicidedrone/install/balloon_hunter/lib/python3.10/site-packages/balloon_hunter
copying /home/kiki/realsuicidedrone/build/balloon_hunter/build/lib/balloon_hunter/logger.py -> /home/kiki/realsuicidedrone/install/balloon_hunter/lib/python3.10/site-packages/balloon_hunter
copying /home/kiki/realsuicidedrone/build/balloon_hunter/build/lib/balloon_hunter/__init__.py -> /home/kiki/realsuicidedrone/install/balloon_hunter/lib/python3.10/site-packages/balloon_hunter
copying /home/kiki/realsuicidedrone/build/balloon_hunter/build/lib/balloon_hunter/drone_visualizer_real.py -> /home/kiki/realsuicidedrone/install/balloon_hunter/lib/python3.10/site-packages/balloon_hunter
byte-compiling /home/kiki/realsuicidedrone/install/balloon_hunter/lib/python3.10/site-packages/balloon_hunter/ibvs_controller.py to ibvs_controller.cpython-310.pyc
byte-compiling /home/kiki/realsuicidedrone/install/balloon_hunter/lib/python3.10/site-packages/balloon_hunter/filter_node.py to filter_node.cpython-310.pyc
byte-compiling /home/kiki/realsuicidedrone/install/balloon_hunter/lib/python3.10/site-packages/balloon_hunter/png_guidance.py to png_guidance.cpython-310.pyc
byte-compiling /home/kiki/realsuicidedrone/install/balloon_hunter/lib/python3.10/site-packages/balloon_hunter/balloon_detector.py to balloon_detector.cpython-310.pyc
byte-compiling /home/kiki/realsuicidedrone/install/balloon_hunter/lib/python3.10/site-packages/balloon_hunter/drone_manager_real.py to drone_manager_real.cpython-310.pyc
byte-compiling /home/kiki/realsuicidedrone/install/balloon_hunter/lib/python3.10/site-packages/balloon_hunter/logger.py to logger.cpython-310.pyc
byte-compiling /home/kiki/realsuicidedrone/install/balloon_hunter/lib/python3.10/site-packages/balloon_hunter/__init__.py to __init__.cpython-310.pyc
byte-compiling /home/kiki/realsuicidedrone/install/balloon_hunter/lib/python3.10/site-packages/balloon_hunter/drone_visualizer_real.py to drone_visualizer_real.cpython-310.pyc
running install_data
creating /home/kiki/realsuicidedrone/install/balloon_hunter/share/ament_index
creating /home/kiki/realsuicidedrone/install/balloon_hunter/share/ament_index/resource_index
creating /home/kiki/realsuicidedrone/install/balloon_hunter/share/ament_index/resource_index/packages
copying resource/balloon_hunter -> /home/kiki/realsuicidedrone/install/balloon_hunter/share/ament_index/resource_index/packages
copying package.xml -> /home/kiki/realsuicidedrone/install/balloon_hunter/share/balloon_hunter
creating /home/kiki/realsuicidedrone/install/balloon_hunter/share/balloon_hunter/launch
copying launch/balloon_hunt_real.launch.py -> /home/kiki/realsuicidedrone/install/balloon_hunter/share/balloon_hunter/launch
creating /home/kiki/realsuicidedrone/install/balloon_hunter/share/balloon_hunter/config
copying config/drone_trajectory.rviz -> /home/kiki/realsuicidedrone/install/balloon_hunter/share/balloon_hunter/config
running install_egg_info
Copying ../../build/balloon_hunter/balloon_hunter.egg-info to /home/kiki/realsuicidedrone/install/balloon_hunter/lib/python3.10/site-packages/balloon_hunter-1.0.0-py3.10.egg-info
running install_scripts
Installing balloon_detector script to /home/kiki/realsuicidedrone/install/balloon_hunter/bin
Installing drone_manager_real script to /home/kiki/realsuicidedrone/install/balloon_hunter/bin
Installing drone_visualizer_real script to /home/kiki/realsuicidedrone/install/balloon_hunter/bin
Installing filter_node script to /home/kiki/realsuicidedrone/install/balloon_hunter/bin
Installing ibvs_controller script to /home/kiki/realsuicidedrone/install/balloon_hunter/bin
Installing logger script to /home/kiki/realsuicidedrone/install/balloon_hunter/bin
Installing png_guidance script to /home/kiki/realsuicidedrone/install/balloon_hunter/bin
writing list of installed files to '/home/kiki/realsuicidedrone/build/balloon_hunter/install.log'
