[0.437s] Invoking command in '/home/kiki/realsuicidedrone/src/balloon_hunter': AMENT_PREFIX_PATH=/home/kiki/realsuicidedrone/install/suicide_drone_msgs:/home/kiki/realsuicidedrone/install/px4_msgs:${AMENT_PREFIX_PATH} CMAKE_PREFIX_PATH=/home/kiki/realsuicidedrone/install/suicide_drone_msgs:/home/kiki/realsuicidedrone/install/px4_msgs LD_LIBRARY_PATH=/home/kiki/realsuicidedrone/install/suicide_drone_msgs/lib:/home/kiki/realsuicidedrone/install/px4_msgs/lib:${LD_LIBRARY_PATH} PYTHONPATH=/home/kiki/realsuicidedrone/build/balloon_hunter/prefix_override:/usr/lib/python3/dist-packages/colcon_core/task/python/colcon_distutils_commands:/home/kiki/realsuicidedrone/install/balloon_hunter/lib/python3.10/site-packages:/home/kiki/realsuicidedrone/install/suicide_drone_msgs/local/lib/python3.10/dist-packages:/home/kiki/realsuicidedrone/install/px4_msgs/local/lib/python3.10/dist-packages:${PYTHONPATH} /usr/bin/python3 -W ignore:setup.py install is deprecated -W ignore:easy_install command is deprecated setup.py egg_info --egg-base ../../build/balloon_hunter build --build-base /home/kiki/realsuicidedrone/build/balloon_hunter/build install --record /home/kiki/realsuicidedrone/build/balloon_hunter/install.log --single-version-externally-managed install_data
[0.608s] running egg_info
[0.608s] creating ../../build/balloon_hunter/balloon_hunter.egg-info
[0.609s] writing ../../build/balloon_hunter/balloon_hunter.egg-info/PKG-INFO
[0.609s] writing dependency_links to ../../build/balloon_hunter/balloon_hunter.egg-info/dependency_links.txt
[0.609s] writing entry points to ../../build/balloon_hunter/balloon_hunter.egg-info/entry_points.txt
[0.609s] writing requirements to ../../build/balloon_hunter/balloon_hunter.egg-info/requires.txt
[0.609s] writing top-level names to ../../build/balloon_hunter/balloon_hunter.egg-info/top_level.txt
[0.609s] writing manifest file '../../build/balloon_hunter/balloon_hunter.egg-info/SOURCES.txt'
[0.610s] reading manifest file '../../build/balloon_hunter/balloon_hunter.egg-info/SOURCES.txt'
[0.611s] writing manifest file '../../build/balloon_hunter/balloon_hunter.egg-info/SOURCES.txt'
[0.611s] running build
[0.611s] running build_py
[0.611s] creating /home/kiki/realsuicidedrone/build/balloon_hunter/build
[0.611s] creating /home/kiki/realsuicidedrone/build/balloon_hunter/build/lib
[0.611s] creating /home/kiki/realsuicidedrone/build/balloon_hunter/build/lib/balloon_hunter
[0.611s] copying balloon_hunter/ibvs_controller.py -> /home/kiki/realsuicidedrone/build/balloon_hunter/build/lib/balloon_hunter
[0.611s] copying balloon_hunter/filter_node.py -> /home/kiki/realsuicidedrone/build/balloon_hunter/build/lib/balloon_hunter
[0.611s] copying balloon_hunter/png_guidance.py -> /home/kiki/realsuicidedrone/build/balloon_hunter/build/lib/balloon_hunter
[0.611s] copying balloon_hunter/balloon_detector.py -> /home/kiki/realsuicidedrone/build/balloon_hunter/build/lib/balloon_hunter
[0.611s] copying balloon_hunter/drone_manager_real.py -> /home/kiki/realsuicidedrone/build/balloon_hunter/build/lib/balloon_hunter
[0.611s] copying balloon_hunter/logger.py -> /home/kiki/realsuicidedrone/build/balloon_hunter/build/lib/balloon_hunter
[0.611s] copying balloon_hunter/__init__.py -> /home/kiki/realsuicidedrone/build/balloon_hunter/build/lib/balloon_hunter
[0.612s] copying balloon_hunter/drone_visualizer_real.py -> /home/kiki/realsuicidedrone/build/balloon_hunter/build/lib/balloon_hunter
[0.612s] running install
[0.612s] running install_lib
[0.612s] creating /home/kiki/realsuicidedrone/install/balloon_hunter/lib/python3.10/site-packages/balloon_hunter
[0.612s] copying /home/kiki/realsuicidedrone/build/balloon_hunter/build/lib/balloon_hunter/ibvs_controller.py -> /home/kiki/realsuicidedrone/install/balloon_hunter/lib/python3.10/site-packages/balloon_hunter
[0.613s] copying /home/kiki/realsuicidedrone/build/balloon_hunter/build/lib/balloon_hunter/filter_node.py -> /home/kiki/realsuicidedrone/install/balloon_hunter/lib/python3.10/site-packages/balloon_hunter
[0.613s] copying /home/kiki/realsuicidedrone/build/balloon_hunter/build/lib/balloon_hunter/png_guidance.py -> /home/kiki/realsuicidedrone/install/balloon_hunter/lib/python3.10/site-packages/balloon_hunter
[0.613s] copying /home/kiki/realsuicidedrone/build/balloon_hunter/build/lib/balloon_hunter/balloon_detector.py -> /home/kiki/realsuicidedrone/install/balloon_hunter/lib/python3.10/site-packages/balloon_hunter
[0.613s] copying /home/kiki/realsuicidedrone/build/balloon_hunter/build/lib/balloon_hunter/drone_manager_real.py -> /home/kiki/realsuicidedrone/install/balloon_hunter/lib/python3.10/site-packages/balloon_hunter
[0.613s] copying /home/kiki/realsuicidedrone/build/balloon_hunter/build/lib/balloon_hunter/logger.py -> /home/kiki/realsuicidedrone/install/balloon_hunter/lib/python3.10/site-packages/balloon_hunter
[0.613s] copying /home/kiki/realsuicidedrone/build/balloon_hunter/build/lib/balloon_hunter/__init__.py -> /home/kiki/realsuicidedrone/install/balloon_hunter/lib/python3.10/site-packages/balloon_hunter
[0.613s] copying /home/kiki/realsuicidedrone/build/balloon_hunter/build/lib/balloon_hunter/drone_visualizer_real.py -> /home/kiki/realsuicidedrone/install/balloon_hunter/lib/python3.10/site-packages/balloon_hunter
[0.613s] byte-compiling /home/kiki/realsuicidedrone/install/balloon_hunter/lib/python3.10/site-packages/balloon_hunter/ibvs_controller.py to ibvs_controller.cpython-310.pyc
[0.614s] byte-compiling /home/kiki/realsuicidedrone/install/balloon_hunter/lib/python3.10/site-packages/balloon_hunter/filter_node.py to filter_node.cpython-310.pyc
[0.618s] byte-compiling /home/kiki/realsuicidedrone/install/balloon_hunter/lib/python3.10/site-packages/balloon_hunter/png_guidance.py to png_guidance.cpython-310.pyc
[0.619s] byte-compiling /home/kiki/realsuicidedrone/install/balloon_hunter/lib/python3.10/site-packages/balloon_hunter/balloon_detector.py to balloon_detector.cpython-310.pyc
[0.620s] byte-compiling /home/kiki/realsuicidedrone/install/balloon_hunter/lib/python3.10/site-packages/balloon_hunter/drone_manager_real.py to drone_manager_real.cpython-310.pyc
[0.621s] byte-compiling /home/kiki/realsuicidedrone/install/balloon_hunter/lib/python3.10/site-packages/balloon_hunter/logger.py to logger.cpython-310.pyc
[0.622s] byte-compiling /home/kiki/realsuicidedrone/install/balloon_hunter/lib/python3.10/site-packages/balloon_hunter/__init__.py to __init__.cpython-310.pyc
[0.622s] byte-compiling /home/kiki/realsuicidedrone/install/balloon_hunter/lib/python3.10/site-packages/balloon_hunter/drone_visualizer_real.py to drone_visualizer_real.cpython-310.pyc
[0.623s] running install_data
[0.623s] creating /home/kiki/realsuicidedrone/install/balloon_hunter/share/ament_index
[0.623s] creating /home/kiki/realsuicidedrone/install/balloon_hunter/share/ament_index/resource_index
[0.623s] creating /home/kiki/realsuicidedrone/install/balloon_hunter/share/ament_index/resource_index/packages
[0.623s] copying resource/balloon_hunter -> /home/kiki/realsuicidedrone/install/balloon_hunter/share/ament_index/resource_index/packages
[0.623s] copying package.xml -> /home/kiki/realsuicidedrone/install/balloon_hunter/share/balloon_hunter
[0.623s] creating /home/kiki/realsuicidedrone/install/balloon_hunter/share/balloon_hunter/launch
[0.623s] copying launch/balloon_hunt_real.launch.py -> /home/kiki/realsuicidedrone/install/balloon_hunter/share/balloon_hunter/launch
[0.623s] creating /home/kiki/realsuicidedrone/install/balloon_hunter/share/balloon_hunter/config
[0.623s] copying config/drone_trajectory.rviz -> /home/kiki/realsuicidedrone/install/balloon_hunter/share/balloon_hunter/config
[0.623s] running install_egg_info
[0.624s] Copying ../../build/balloon_hunter/balloon_hunter.egg-info to /home/kiki/realsuicidedrone/install/balloon_hunter/lib/python3.10/site-packages/balloon_hunter-1.0.0-py3.10.egg-info
[0.625s] running install_scripts
[0.638s] Installing balloon_detector script to /home/kiki/realsuicidedrone/install/balloon_hunter/bin
[0.638s] Installing drone_manager_real script to /home/kiki/realsuicidedrone/install/balloon_hunter/bin
[0.638s] Installing drone_visualizer_real script to /home/kiki/realsuicidedrone/install/balloon_hunter/bin
[0.638s] Installing filter_node script to /home/kiki/realsuicidedrone/install/balloon_hunter/bin
[0.639s] Installing ibvs_controller script to /home/kiki/realsuicidedrone/install/balloon_hunter/bin
[0.639s] Installing logger script to /home/kiki/realsuicidedrone/install/balloon_hunter/bin
[0.639s] Installing png_guidance script to /home/kiki/realsuicidedrone/install/balloon_hunter/bin
[0.639s] writing list of installed files to '/home/kiki/realsuicidedrone/build/balloon_hunter/install.log'
[0.653s] Invoked command in '/home/kiki/realsuicidedrone/src/balloon_hunter' returned '0': AMENT_PREFIX_PATH=/home/kiki/realsuicidedrone/install/suicide_drone_msgs:/home/kiki/realsuicidedrone/install/px4_msgs:${AMENT_PREFIX_PATH} CMAKE_PREFIX_PATH=/home/kiki/realsuicidedrone/install/suicide_drone_msgs:/home/kiki/realsuicidedrone/install/px4_msgs LD_LIBRARY_PATH=/home/kiki/realsuicidedrone/install/suicide_drone_msgs/lib:/home/kiki/realsuicidedrone/install/px4_msgs/lib:${LD_LIBRARY_PATH} PYTHONPATH=/home/kiki/realsuicidedrone/build/balloon_hunter/prefix_override:/usr/lib/python3/dist-packages/colcon_core/task/python/colcon_distutils_commands:/home/kiki/realsuicidedrone/install/balloon_hunter/lib/python3.10/site-packages:/home/kiki/realsuicidedrone/install/suicide_drone_msgs/local/lib/python3.10/dist-packages:/home/kiki/realsuicidedrone/install/px4_msgs/local/lib/python3.10/dist-packages:${PYTHONPATH} /usr/bin/python3 -W ignore:setup.py install is deprecated -W ignore:easy_install command is deprecated setup.py egg_info --egg-base ../../build/balloon_hunter build --build-base /home/kiki/realsuicidedrone/build/balloon_hunter/build install --record /home/kiki/realsuicidedrone/build/balloon_hunter/install.log --single-version-externally-managed install_data
