-- The C compiler identification is GNU 11.4.0
-- The CXX compiler identification is GNU 11.4.0
-- Detecting C compiler ABI info
-- Detecting C compiler ABI info - done
-- Check for working C compiler: /usr/bin/cc - skipped
-- Detecting C compile features
-- Detecting C compile features - done
-- Detecting CXX compiler ABI info
-- Detecting CXX compiler ABI info - done
-- Check for working CXX compiler: /usr/bin/c++ - skipped
-- Detecting CXX compile features
-- Detecting CXX compile features - done
-- Found ament_cmake: 1.3.12 (/opt/ros/humble/share/ament_cmake/cmake)
-- Found Python3: /usr/bin/python3 (found version "3.10.12") found components: Interpreter 
-- Found std_msgs: 4.9.0 (/opt/ros/humble/share/std_msgs/cmake)
-- Found rosidl_generator_c: 3.1.8 (/opt/ros/humble/share/rosidl_generator_c/cmake)
-- Found rosidl_adapter: 3.1.8 (/opt/ros/humble/share/rosidl_adapter/cmake)
-- Found rosidl_generator_cpp: 3.1.8 (/opt/ros/humble/share/rosidl_generator_cpp/cmake)
-- Using all available rosidl_typesupport_c: rosidl_typesupport_fastrtps_c;rosidl_typesupport_introspection_c
-- Using all available rosidl_typesupport_cpp: rosidl_typesupport_fastrtps_cpp;rosidl_typesupport_introspection_cpp
-- Found rosidl_default_generators: 1.2.0 (/opt/ros/humble/share/rosidl_default_generators/cmake)
-- Found ament_cmake_ros: 0.10.0 (/opt/ros/humble/share/ament_cmake_ros/cmake)
-- Using all available rosidl_typesupport_c: rosidl_typesupport_fastrtps_c;rosidl_typesupport_introspection_c
-- Using all available rosidl_typesupport_cpp: rosidl_typesupport_fastrtps_cpp;rosidl_typesupport_introspection_cpp
-- Found PythonInterp: /usr/bin/python3 (found suitable version "3.10.12", minimum required is "3.6") 
-- Found python_cmake_module: 0.10.0 (/opt/ros/humble/share/python_cmake_module/cmake)
-- Found PythonLibs: /usr/lib/x86_64-linux-gnu/libpython3.10.so (found suitable version "3.10.12", minimum required is "3.5") 
-- Using PYTHON_EXECUTABLE: /usr/bin/python3
-- Using PYTHON_INCLUDE_DIRS: /usr/include/python3.10
-- Using PYTHON_LIBRARIES: /usr/lib/x86_64-linux-gnu/libpython3.10.so
-- Found PythonExtra: .so  
-- Found ament_lint_auto: 0.12.14 (/opt/ros/humble/share/ament_lint_auto/cmake)
-- Added test 'copyright' to check source files copyright and LICENSE
-- Added test 'lint_cmake' to check CMake code style
-- Added test 'xmllint' to check XML markup files
-- Configuring done
-- Generating done
-- Build files have been written to: /home/kiki/realsuicidedrone/build/suicide_drone_msgs
[  2%] Generating C code for ROS interfaces
[  4%] Generating C++ code for ROS interfaces
[  4%] Built target ament_cmake_python_copy_suicide_drone_msgs
running egg_info
creating suicide_drone_msgs.egg-info
writing suicide_drone_msgs.egg-info/PKG-INFO
writing dependency_links to suicide_drone_msgs.egg-info/dependency_links.txt
writing top-level names to suicide_drone_msgs.egg-info/top_level.txt
writing manifest file 'suicide_drone_msgs.egg-info/SOURCES.txt'
reading manifest file 'suicide_drone_msgs.egg-info/SOURCES.txt'
writing manifest file 'suicide_drone_msgs.egg-info/SOURCES.txt'
[  4%] Built target ament_cmake_python_build_suicide_drone_msgs_egg
[  6%] Building C object CMakeFiles/suicide_drone_msgs__rosidl_generator_c.dir/rosidl_generator_c/suicide_drone_msgs/msg/detail/target_info__functions.c.o
[  8%] Building C object CMakeFiles/suicide_drone_msgs__rosidl_generator_c.dir/rosidl_generator_c/suicide_drone_msgs/msg/detail/ibvs_output__functions.c.o
[ 10%] Building C object CMakeFiles/suicide_drone_msgs__rosidl_generator_c.dir/rosidl_generator_c/suicide_drone_msgs/msg/detail/guidance_cmd__functions.c.o
[ 10%] Built target suicide_drone_msgs__cpp
[ 12%] Generating C++ type support dispatch for ROS interfaces
[ 14%] Generating C++ type support for eProsima Fast-RTPS
[ 17%] Generating C++ introspection for ROS interfaces
[ 19%] Linking C shared library libsuicide_drone_msgs__rosidl_generator_c.so
[ 19%] Built target suicide_drone_msgs__rosidl_generator_c
[ 25%] Generating C type support for eProsima Fast-RTPS
[ 25%] Generating C introspection for ROS interfaces
[ 25%] Generating C type support dispatch for ROS interfaces
[ 27%] Building CXX object CMakeFiles/suicide_drone_msgs__rosidl_typesupport_cpp.dir/rosidl_typesupport_cpp/suicide_drone_msgs/msg/target_info__type_support.cpp.o
[ 29%] Building CXX object CMakeFiles/suicide_drone_msgs__rosidl_typesupport_cpp.dir/rosidl_typesupport_cpp/suicide_drone_msgs/msg/ibvs_output__type_support.cpp.o
[ 31%] Building CXX object CMakeFiles/suicide_drone_msgs__rosidl_typesupport_cpp.dir/rosidl_typesupport_cpp/suicide_drone_msgs/msg/guidance_cmd__type_support.cpp.o
[ 36%] Building CXX object CMakeFiles/suicide_drone_msgs__rosidl_typesupport_c.dir/rosidl_typesupport_c/suicide_drone_msgs/msg/ibvs_output__type_support.cpp.o
[ 36%] Building CXX object CMakeFiles/suicide_drone_msgs__rosidl_typesupport_c.dir/rosidl_typesupport_c/suicide_drone_msgs/msg/target_info__type_support.cpp.o
[ 38%] Building CXX object CMakeFiles/suicide_drone_msgs__rosidl_typesupport_c.dir/rosidl_typesupport_c/suicide_drone_msgs/msg/guidance_cmd__type_support.cpp.o
[ 40%] Linking CXX shared library libsuicide_drone_msgs__rosidl_typesupport_c.so
[ 42%] Building C object CMakeFiles/suicide_drone_msgs__rosidl_typesupport_introspection_c.dir/rosidl_typesupport_introspection_c/suicide_drone_msgs/msg/detail/target_info__type_support.c.o
[ 44%] Building C object CMakeFiles/suicide_drone_msgs__rosidl_typesupport_introspection_c.dir/rosidl_typesupport_introspection_c/suicide_drone_msgs/msg/detail/guidance_cmd__type_support.c.o
[ 46%] Building C object CMakeFiles/suicide_drone_msgs__rosidl_typesupport_introspection_c.dir/rosidl_typesupport_introspection_c/suicide_drone_msgs/msg/detail/ibvs_output__type_support.c.o
[ 48%] Building CXX object CMakeFiles/suicide_drone_msgs__rosidl_typesupport_fastrtps_c.dir/rosidl_typesupport_fastrtps_c/suicide_drone_msgs/msg/detail/guidance_cmd__type_support_c.cpp.o
[ 51%] Building CXX object CMakeFiles/suicide_drone_msgs__rosidl_typesupport_fastrtps_c.dir/rosidl_typesupport_fastrtps_c/suicide_drone_msgs/msg/detail/ibvs_output__type_support_c.cpp.o
[ 53%] Building CXX object CMakeFiles/suicide_drone_msgs__rosidl_typesupport_fastrtps_c.dir/rosidl_typesupport_fastrtps_c/suicide_drone_msgs/msg/detail/target_info__type_support_c.cpp.o
[ 53%] Built target suicide_drone_msgs__rosidl_typesupport_c
[ 55%] Linking C shared library libsuicide_drone_msgs__rosidl_typesupport_introspection_c.so
[ 59%] Building CXX object CMakeFiles/suicide_drone_msgs__rosidl_typesupport_introspection_cpp.dir/rosidl_typesupport_introspection_cpp/suicide_drone_msgs/msg/detail/ibvs_output__type_support.cpp.o
[ 59%] Building CXX object CMakeFiles/suicide_drone_msgs__rosidl_typesupport_introspection_cpp.dir/rosidl_typesupport_introspection_cpp/suicide_drone_msgs/msg/detail/target_info__type_support.cpp.o
[ 61%] Building CXX object CMakeFiles/suicide_drone_msgs__rosidl_typesupport_introspection_cpp.dir/rosidl_typesupport_introspection_cpp/suicide_drone_msgs/msg/detail/guidance_cmd__type_support.cpp.o
[ 61%] Built target suicide_drone_msgs__rosidl_typesupport_introspection_c
[ 63%] Building CXX object CMakeFiles/suicide_drone_msgs__rosidl_typesupport_fastrtps_cpp.dir/rosidl_typesupport_fastrtps_cpp/suicide_drone_msgs/msg/detail/dds_fastrtps/ibvs_output__type_support.cpp.o
[ 65%] Building CXX object CMakeFiles/suicide_drone_msgs__rosidl_typesupport_fastrtps_cpp.dir/rosidl_typesupport_fastrtps_cpp/suicide_drone_msgs/msg/detail/dds_fastrtps/target_info__type_support.cpp.o
[ 68%] Building CXX object CMakeFiles/suicide_drone_msgs__rosidl_typesupport_fastrtps_cpp.dir/rosidl_typesupport_fastrtps_cpp/suicide_drone_msgs/msg/detail/dds_fastrtps/guidance_cmd__type_support.cpp.o
[ 70%] Linking CXX shared library libsuicide_drone_msgs__rosidl_typesupport_cpp.so
[ 70%] Built target suicide_drone_msgs__rosidl_typesupport_cpp
[ 72%] Linking CXX shared library libsuicide_drone_msgs__rosidl_typesupport_fastrtps_c.so
[ 72%] Built target suicide_drone_msgs__rosidl_typesupport_fastrtps_c
[ 74%] Linking CXX shared library libsuicide_drone_msgs__rosidl_typesupport_introspection_cpp.so
[ 74%] Built target suicide_drone_msgs__rosidl_typesupport_introspection_cpp
[ 76%] Linking CXX shared library libsuicide_drone_msgs__rosidl_typesupport_fastrtps_cpp.so
[ 76%] Built target suicide_drone_msgs__rosidl_typesupport_fastrtps_cpp
[ 76%] Built target suicide_drone_msgs
[ 78%] Generating Python code for ROS interfaces
[ 78%] Built target suicide_drone_msgs__py
[ 80%] Building C object CMakeFiles/suicide_drone_msgs__rosidl_generator_py.dir/rosidl_generator_py/suicide_drone_msgs/msg/_target_info_s.c.o
[ 82%] Building C object CMakeFiles/suicide_drone_msgs__rosidl_generator_py.dir/rosidl_generator_py/suicide_drone_msgs/msg/_ibvs_output_s.c.o
[ 85%] Building C object CMakeFiles/suicide_drone_msgs__rosidl_generator_py.dir/rosidl_generator_py/suicide_drone_msgs/msg/_guidance_cmd_s.c.o
[ 87%] Linking C shared library rosidl_generator_py/suicide_drone_msgs/libsuicide_drone_msgs__rosidl_generator_py.so
[ 87%] Built target suicide_drone_msgs__rosidl_generator_py
[ 89%] Building C object CMakeFiles/suicide_drone_msgs__rosidl_typesupport_c__pyext.dir/rosidl_generator_py/suicide_drone_msgs/_suicide_drone_msgs_s.ep.rosidl_typesupport_c.c.o
[ 91%] Building C object CMakeFiles/suicide_drone_msgs__rosidl_typesupport_fastrtps_c__pyext.dir/rosidl_generator_py/suicide_drone_msgs/_suicide_drone_msgs_s.ep.rosidl_typesupport_fastrtps_c.c.o
[ 93%] Building C object CMakeFiles/suicide_drone_msgs__rosidl_typesupport_introspection_c__pyext.dir/rosidl_generator_py/suicide_drone_msgs/_suicide_drone_msgs_s.ep.rosidl_typesupport_introspection_c.c.o
[ 97%] Linking C shared library rosidl_generator_py/suicide_drone_msgs/suicide_drone_msgs_s__rosidl_typesupport_introspection_c.cpython-310-x86_64-linux-gnu.so
[ 97%] Linking C shared library rosidl_generator_py/suicide_drone_msgs/suicide_drone_msgs_s__rosidl_typesupport_c.cpython-310-x86_64-linux-gnu.so
[100%] Linking C shared library rosidl_generator_py/suicide_drone_msgs/suicide_drone_msgs_s__rosidl_typesupport_fastrtps_c.cpython-310-x86_64-linux-gnu.so
[100%] Built target suicide_drone_msgs__rosidl_typesupport_c__pyext
[100%] Built target suicide_drone_msgs__rosidl_typesupport_fastrtps_c__pyext
[100%] Built target suicide_drone_msgs__rosidl_typesupport_introspection_c__pyext
-- Install configuration: ""
-- Installing: /home/kiki/realsuicidedrone/install/suicide_drone_msgs/share/ament_index/resource_index/rosidl_interfaces/suicide_drone_msgs
-- Installing: /home/kiki/realsuicidedrone/install/suicide_drone_msgs/include/suicide_drone_msgs/suicide_drone_msgs
-- Installing: /home/kiki/realsuicidedrone/install/suicide_drone_msgs/include/suicide_drone_msgs/suicide_drone_msgs/msg
-- Installing: /home/kiki/realsuicidedrone/install/suicide_drone_msgs/include/suicide_drone_msgs/suicide_drone_msgs/msg/ibvs_output.h
-- Installing: /home/kiki/realsuicidedrone/install/suicide_drone_msgs/include/suicide_drone_msgs/suicide_drone_msgs/msg/rosidl_generator_c__visibility_control.h
-- Installing: /home/kiki/realsuicidedrone/install/suicide_drone_msgs/include/suicide_drone_msgs/suicide_drone_msgs/msg/target_info.h
-- Installing: /home/kiki/realsuicidedrone/install/suicide_drone_msgs/include/suicide_drone_msgs/suicide_drone_msgs/msg/detail
-- Installing: /home/kiki/realsuicidedrone/install/suicide_drone_msgs/include/suicide_drone_msgs/suicide_drone_msgs/msg/detail/guidance_cmd__functions.c
-- Installing: /home/kiki/realsuicidedrone/install/suicide_drone_msgs/include/suicide_drone_msgs/suicide_drone_msgs/msg/detail/guidance_cmd__functions.h
-- Installing: /home/kiki/realsuicidedrone/install/suicide_drone_msgs/include/suicide_drone_msgs/suicide_drone_msgs/msg/detail/target_info__functions.c
-- Installing: /home/kiki/realsuicidedrone/install/suicide_drone_msgs/include/suicide_drone_msgs/suicide_drone_msgs/msg/detail/guidance_cmd__struct.h
-- Installing: /home/kiki/realsuicidedrone/install/suicide_drone_msgs/include/suicide_drone_msgs/suicide_drone_msgs/msg/detail/target_info__type_support.h
-- Installing: /home/kiki/realsuicidedrone/install/suicide_drone_msgs/include/suicide_drone_msgs/suicide_drone_msgs/msg/detail/ibvs_output__type_support.h
-- Installing: /home/kiki/realsuicidedrone/install/suicide_drone_msgs/include/suicide_drone_msgs/suicide_drone_msgs/msg/detail/ibvs_output__functions.c
-- Installing: /home/kiki/realsuicidedrone/install/suicide_drone_msgs/include/suicide_drone_msgs/suicide_drone_msgs/msg/detail/guidance_cmd__type_support.h
-- Installing: /home/kiki/realsuicidedrone/install/suicide_drone_msgs/include/suicide_drone_msgs/suicide_drone_msgs/msg/detail/ibvs_output__struct.h
-- Installing: /home/kiki/realsuicidedrone/install/suicide_drone_msgs/include/suicide_drone_msgs/suicide_drone_msgs/msg/detail/target_info__functions.h
-- Installing: /home/kiki/realsuicidedrone/install/suicide_drone_msgs/include/suicide_drone_msgs/suicide_drone_msgs/msg/detail/target_info__struct.h
-- Installing: /home/kiki/realsuicidedrone/install/suicide_drone_msgs/include/suicide_drone_msgs/suicide_drone_msgs/msg/detail/ibvs_output__functions.h
-- Installing: /home/kiki/realsuicidedrone/install/suicide_drone_msgs/include/suicide_drone_msgs/suicide_drone_msgs/msg/guidance_cmd.h
-- Installing: /home/kiki/realsuicidedrone/install/suicide_drone_msgs/share/suicide_drone_msgs/environment/library_path.sh
-- Installing: /home/kiki/realsuicidedrone/install/suicide_drone_msgs/share/suicide_drone_msgs/environment/library_path.dsv
-- Installing: /home/kiki/realsuicidedrone/install/suicide_drone_msgs/lib/libsuicide_drone_msgs__rosidl_generator_c.so
-- Set runtime path of "/home/kiki/realsuicidedrone/install/suicide_drone_msgs/lib/libsuicide_drone_msgs__rosidl_generator_c.so" to ""
-- Up-to-date: /home/kiki/realsuicidedrone/install/suicide_drone_msgs/include/suicide_drone_msgs/suicide_drone_msgs
-- Up-to-date: /home/kiki/realsuicidedrone/install/suicide_drone_msgs/include/suicide_drone_msgs/suicide_drone_msgs/msg
-- Installing: /home/kiki/realsuicidedrone/install/suicide_drone_msgs/include/suicide_drone_msgs/suicide_drone_msgs/msg/rosidl_typesupport_fastrtps_c__visibility_control.h
-- Up-to-date: /home/kiki/realsuicidedrone/install/suicide_drone_msgs/include/suicide_drone_msgs/suicide_drone_msgs/msg/detail
-- Installing: /home/kiki/realsuicidedrone/install/suicide_drone_msgs/include/suicide_drone_msgs/suicide_drone_msgs/msg/detail/guidance_cmd__rosidl_typesupport_fastrtps_c.h
-- Installing: /home/kiki/realsuicidedrone/install/suicide_drone_msgs/include/suicide_drone_msgs/suicide_drone_msgs/msg/detail/ibvs_output__rosidl_typesupport_fastrtps_c.h
-- Installing: /home/kiki/realsuicidedrone/install/suicide_drone_msgs/include/suicide_drone_msgs/suicide_drone_msgs/msg/detail/target_info__rosidl_typesupport_fastrtps_c.h
-- Installing: /home/kiki/realsuicidedrone/install/suicide_drone_msgs/lib/libsuicide_drone_msgs__rosidl_typesupport_fastrtps_c.so
-- Set runtime path of "/home/kiki/realsuicidedrone/install/suicide_drone_msgs/lib/libsuicide_drone_msgs__rosidl_typesupport_fastrtps_c.so" to ""
-- Up-to-date: /home/kiki/realsuicidedrone/install/suicide_drone_msgs/include/suicide_drone_msgs/suicide_drone_msgs
-- Up-to-date: /home/kiki/realsuicidedrone/install/suicide_drone_msgs/include/suicide_drone_msgs/suicide_drone_msgs/msg
-- Installing: /home/kiki/realsuicidedrone/install/suicide_drone_msgs/include/suicide_drone_msgs/suicide_drone_msgs/msg/guidance_cmd.hpp
-- Installing: /home/kiki/realsuicidedrone/install/suicide_drone_msgs/include/suicide_drone_msgs/suicide_drone_msgs/msg/target_info.hpp
-- Up-to-date: /home/kiki/realsuicidedrone/install/suicide_drone_msgs/include/suicide_drone_msgs/suicide_drone_msgs/msg/detail
-- Installing: /home/kiki/realsuicidedrone/install/suicide_drone_msgs/include/suicide_drone_msgs/suicide_drone_msgs/msg/detail/ibvs_output__type_support.hpp
-- Installing: /home/kiki/realsuicidedrone/install/suicide_drone_msgs/include/suicide_drone_msgs/suicide_drone_msgs/msg/detail/guidance_cmd__type_support.hpp
-- Installing: /home/kiki/realsuicidedrone/install/suicide_drone_msgs/include/suicide_drone_msgs/suicide_drone_msgs/msg/detail/ibvs_output__traits.hpp
-- Installing: /home/kiki/realsuicidedrone/install/suicide_drone_msgs/include/suicide_drone_msgs/suicide_drone_msgs/msg/detail/target_info__traits.hpp
-- Installing: /home/kiki/realsuicidedrone/install/suicide_drone_msgs/include/suicide_drone_msgs/suicide_drone_msgs/msg/detail/guidance_cmd__builder.hpp
-- Installing: /home/kiki/realsuicidedrone/install/suicide_drone_msgs/include/suicide_drone_msgs/suicide_drone_msgs/msg/detail/ibvs_output__struct.hpp
-- Installing: /home/kiki/realsuicidedrone/install/suicide_drone_msgs/include/suicide_drone_msgs/suicide_drone_msgs/msg/detail/ibvs_output__builder.hpp
-- Installing: /home/kiki/realsuicidedrone/install/suicide_drone_msgs/include/suicide_drone_msgs/suicide_drone_msgs/msg/detail/target_info__type_support.hpp
-- Installing: /home/kiki/realsuicidedrone/install/suicide_drone_msgs/include/suicide_drone_msgs/suicide_drone_msgs/msg/detail/guidance_cmd__traits.hpp
-- Installing: /home/kiki/realsuicidedrone/install/suicide_drone_msgs/include/suicide_drone_msgs/suicide_drone_msgs/msg/detail/target_info__builder.hpp
-- Installing: /home/kiki/realsuicidedrone/install/suicide_drone_msgs/include/suicide_drone_msgs/suicide_drone_msgs/msg/detail/guidance_cmd__struct.hpp
-- Installing: /home/kiki/realsuicidedrone/install/suicide_drone_msgs/include/suicide_drone_msgs/suicide_drone_msgs/msg/detail/target_info__struct.hpp
-- Installing: /home/kiki/realsuicidedrone/install/suicide_drone_msgs/include/suicide_drone_msgs/suicide_drone_msgs/msg/ibvs_output.hpp
-- Installing: /home/kiki/realsuicidedrone/install/suicide_drone_msgs/include/suicide_drone_msgs/suicide_drone_msgs/msg/rosidl_generator_cpp__visibility_control.hpp
-- Up-to-date: /home/kiki/realsuicidedrone/install/suicide_drone_msgs/include/suicide_drone_msgs/suicide_drone_msgs
-- Up-to-date: /home/kiki/realsuicidedrone/install/suicide_drone_msgs/include/suicide_drone_msgs/suicide_drone_msgs/msg
-- Up-to-date: /home/kiki/realsuicidedrone/install/suicide_drone_msgs/include/suicide_drone_msgs/suicide_drone_msgs/msg/detail
-- Installing: /home/kiki/realsuicidedrone/install/suicide_drone_msgs/include/suicide_drone_msgs/suicide_drone_msgs/msg/detail/guidance_cmd__rosidl_typesupport_fastrtps_cpp.hpp
-- Installing: /home/kiki/realsuicidedrone/install/suicide_drone_msgs/include/suicide_drone_msgs/suicide_drone_msgs/msg/detail/ibvs_output__rosidl_typesupport_fastrtps_cpp.hpp
-- Installing: /home/kiki/realsuicidedrone/install/suicide_drone_msgs/include/suicide_drone_msgs/suicide_drone_msgs/msg/detail/target_info__rosidl_typesupport_fastrtps_cpp.hpp
-- Installing: /home/kiki/realsuicidedrone/install/suicide_drone_msgs/include/suicide_drone_msgs/suicide_drone_msgs/msg/detail/dds_fastrtps
-- Installing: /home/kiki/realsuicidedrone/install/suicide_drone_msgs/include/suicide_drone_msgs/suicide_drone_msgs/msg/rosidl_typesupport_fastrtps_cpp__visibility_control.h
-- Installing: /home/kiki/realsuicidedrone/install/suicide_drone_msgs/lib/libsuicide_drone_msgs__rosidl_typesupport_fastrtps_cpp.so
-- Set runtime path of "/home/kiki/realsuicidedrone/install/suicide_drone_msgs/lib/libsuicide_drone_msgs__rosidl_typesupport_fastrtps_cpp.so" to ""
-- Up-to-date: /home/kiki/realsuicidedrone/install/suicide_drone_msgs/include/suicide_drone_msgs/suicide_drone_msgs
-- Up-to-date: /home/kiki/realsuicidedrone/install/suicide_drone_msgs/include/suicide_drone_msgs/suicide_drone_msgs/msg
-- Installing: /home/kiki/realsuicidedrone/install/suicide_drone_msgs/include/suicide_drone_msgs/suicide_drone_msgs/msg/rosidl_typesupport_introspection_c__visibility_control.h
-- Up-to-date: /home/kiki/realsuicidedrone/install/suicide_drone_msgs/include/suicide_drone_msgs/suicide_drone_msgs/msg/detail
-- Installing: /home/kiki/realsuicidedrone/install/suicide_drone_msgs/include/suicide_drone_msgs/suicide_drone_msgs/msg/detail/target_info__type_support.c
-- Installing: /home/kiki/realsuicidedrone/install/suicide_drone_msgs/include/suicide_drone_msgs/suicide_drone_msgs/msg/detail/ibvs_output__rosidl_typesupport_introspection_c.h
-- Installing: /home/kiki/realsuicidedrone/install/suicide_drone_msgs/include/suicide_drone_msgs/suicide_drone_msgs/msg/detail/target_info__rosidl_typesupport_introspection_c.h
-- Installing: /home/kiki/realsuicidedrone/install/suicide_drone_msgs/include/suicide_drone_msgs/suicide_drone_msgs/msg/detail/ibvs_output__type_support.c
-- Installing: /home/kiki/realsuicidedrone/install/suicide_drone_msgs/include/suicide_drone_msgs/suicide_drone_msgs/msg/detail/guidance_cmd__type_support.c
-- Installing: /home/kiki/realsuicidedrone/install/suicide_drone_msgs/include/suicide_drone_msgs/suicide_drone_msgs/msg/detail/guidance_cmd__rosidl_typesupport_introspection_c.h
-- Installing: /home/kiki/realsuicidedrone/install/suicide_drone_msgs/lib/libsuicide_drone_msgs__rosidl_typesupport_introspection_c.so
-- Set runtime path of "/home/kiki/realsuicidedrone/install/suicide_drone_msgs/lib/libsuicide_drone_msgs__rosidl_typesupport_introspection_c.so" to ""
-- Installing: /home/kiki/realsuicidedrone/install/suicide_drone_msgs/lib/libsuicide_drone_msgs__rosidl_typesupport_c.so
-- Set runtime path of "/home/kiki/realsuicidedrone/install/suicide_drone_msgs/lib/libsuicide_drone_msgs__rosidl_typesupport_c.so" to ""
-- Up-to-date: /home/kiki/realsuicidedrone/install/suicide_drone_msgs/include/suicide_drone_msgs/suicide_drone_msgs
-- Up-to-date: /home/kiki/realsuicidedrone/install/suicide_drone_msgs/include/suicide_drone_msgs/suicide_drone_msgs/msg
-- Up-to-date: /home/kiki/realsuicidedrone/install/suicide_drone_msgs/include/suicide_drone_msgs/suicide_drone_msgs/msg/detail
-- Installing: /home/kiki/realsuicidedrone/install/suicide_drone_msgs/include/suicide_drone_msgs/suicide_drone_msgs/msg/detail/guidance_cmd__rosidl_typesupport_introspection_cpp.hpp
-- Installing: /home/kiki/realsuicidedrone/install/suicide_drone_msgs/include/suicide_drone_msgs/suicide_drone_msgs/msg/detail/guidance_cmd__type_support.cpp
-- Installing: /home/kiki/realsuicidedrone/install/suicide_drone_msgs/include/suicide_drone_msgs/suicide_drone_msgs/msg/detail/target_info__type_support.cpp
-- Installing: /home/kiki/realsuicidedrone/install/suicide_drone_msgs/include/suicide_drone_msgs/suicide_drone_msgs/msg/detail/ibvs_output__type_support.cpp
-- Installing: /home/kiki/realsuicidedrone/install/suicide_drone_msgs/include/suicide_drone_msgs/suicide_drone_msgs/msg/detail/target_info__rosidl_typesupport_introspection_cpp.hpp
-- Installing: /home/kiki/realsuicidedrone/install/suicide_drone_msgs/include/suicide_drone_msgs/suicide_drone_msgs/msg/detail/ibvs_output__rosidl_typesupport_introspection_cpp.hpp
-- Installing: /home/kiki/realsuicidedrone/install/suicide_drone_msgs/lib/libsuicide_drone_msgs__rosidl_typesupport_introspection_cpp.so
-- Set runtime path of "/home/kiki/realsuicidedrone/install/suicide_drone_msgs/lib/libsuicide_drone_msgs__rosidl_typesupport_introspection_cpp.so" to ""
-- Installing: /home/kiki/realsuicidedrone/install/suicide_drone_msgs/lib/libsuicide_drone_msgs__rosidl_typesupport_cpp.so
-- Set runtime path of "/home/kiki/realsuicidedrone/install/suicide_drone_msgs/lib/libsuicide_drone_msgs__rosidl_typesupport_cpp.so" to ""
-- Installing: /home/kiki/realsuicidedrone/install/suicide_drone_msgs/share/suicide_drone_msgs/environment/pythonpath.sh
-- Installing: /home/kiki/realsuicidedrone/install/suicide_drone_msgs/share/suicide_drone_msgs/environment/pythonpath.dsv
-- Installing: /home/kiki/realsuicidedrone/install/suicide_drone_msgs/local/lib/python3.10/dist-packages/suicide_drone_msgs-0.0.0-py3.10.egg-info
-- Installing: /home/kiki/realsuicidedrone/install/suicide_drone_msgs/local/lib/python3.10/dist-packages/suicide_drone_msgs-0.0.0-py3.10.egg-info/PKG-INFO
-- Installing: /home/kiki/realsuicidedrone/install/suicide_drone_msgs/local/lib/python3.10/dist-packages/suicide_drone_msgs-0.0.0-py3.10.egg-info/top_level.txt
-- Installing: /home/kiki/realsuicidedrone/install/suicide_drone_msgs/local/lib/python3.10/dist-packages/suicide_drone_msgs-0.0.0-py3.10.egg-info/dependency_links.txt
-- Installing: /home/kiki/realsuicidedrone/install/suicide_drone_msgs/local/lib/python3.10/dist-packages/suicide_drone_msgs-0.0.0-py3.10.egg-info/SOURCES.txt
-- Installing: /home/kiki/realsuicidedrone/install/suicide_drone_msgs/local/lib/python3.10/dist-packages/suicide_drone_msgs
-- Installing: /home/kiki/realsuicidedrone/install/suicide_drone_msgs/local/lib/python3.10/dist-packages/suicide_drone_msgs/suicide_drone_msgs_s__rosidl_typesupport_introspection_c.cpython-310-x86_64-linux-gnu.so
-- Installing: /home/kiki/realsuicidedrone/install/suicide_drone_msgs/local/lib/python3.10/dist-packages/suicide_drone_msgs/_suicide_drone_msgs_s.ep.rosidl_typesupport_c.c
-- Installing: /home/kiki/realsuicidedrone/install/suicide_drone_msgs/local/lib/python3.10/dist-packages/suicide_drone_msgs/libsuicide_drone_msgs__rosidl_generator_py.so
-- Installing: /home/kiki/realsuicidedrone/install/suicide_drone_msgs/local/lib/python3.10/dist-packages/suicide_drone_msgs/_suicide_drone_msgs_s.ep.rosidl_typesupport_fastrtps_c.c
-- Installing: /home/kiki/realsuicidedrone/install/suicide_drone_msgs/local/lib/python3.10/dist-packages/suicide_drone_msgs/suicide_drone_msgs_s__rosidl_typesupport_c.cpython-310-x86_64-linux-gnu.so
-- Installing: /home/kiki/realsuicidedrone/install/suicide_drone_msgs/local/lib/python3.10/dist-packages/suicide_drone_msgs/__init__.py
-- Installing: /home/kiki/realsuicidedrone/install/suicide_drone_msgs/local/lib/python3.10/dist-packages/suicide_drone_msgs/suicide_drone_msgs_s__rosidl_typesupport_fastrtps_c.cpython-310-x86_64-linux-gnu.so
-- Installing: /home/kiki/realsuicidedrone/install/suicide_drone_msgs/local/lib/python3.10/dist-packages/suicide_drone_msgs/msg
-- Installing: /home/kiki/realsuicidedrone/install/suicide_drone_msgs/local/lib/python3.10/dist-packages/suicide_drone_msgs/msg/_ibvs_output.py
-- Installing: /home/kiki/realsuicidedrone/install/suicide_drone_msgs/local/lib/python3.10/dist-packages/suicide_drone_msgs/msg/_target_info.py
-- Installing: /home/kiki/realsuicidedrone/install/suicide_drone_msgs/local/lib/python3.10/dist-packages/suicide_drone_msgs/msg/_target_info_s.c
-- Installing: /home/kiki/realsuicidedrone/install/suicide_drone_msgs/local/lib/python3.10/dist-packages/suicide_drone_msgs/msg/_guidance_cmd.py
-- Installing: /home/kiki/realsuicidedrone/install/suicide_drone_msgs/local/lib/python3.10/dist-packages/suicide_drone_msgs/msg/_guidance_cmd_s.c
-- Installing: /home/kiki/realsuicidedrone/install/suicide_drone_msgs/local/lib/python3.10/dist-packages/suicide_drone_msgs/msg/_ibvs_output_s.c
-- Installing: /home/kiki/realsuicidedrone/install/suicide_drone_msgs/local/lib/python3.10/dist-packages/suicide_drone_msgs/msg/__init__.py
-- Installing: /home/kiki/realsuicidedrone/install/suicide_drone_msgs/local/lib/python3.10/dist-packages/suicide_drone_msgs/_suicide_drone_msgs_s.ep.rosidl_typesupport_introspection_c.c
Listing '/home/kiki/realsuicidedrone/install/suicide_drone_msgs/local/lib/python3.10/dist-packages/suicide_drone_msgs'...
Compiling '/home/kiki/realsuicidedrone/install/suicide_drone_msgs/local/lib/python3.10/dist-packages/suicide_drone_msgs/__init__.py'...
Listing '/home/kiki/realsuicidedrone/install/suicide_drone_msgs/local/lib/python3.10/dist-packages/suicide_drone_msgs/msg'...
Compiling '/home/kiki/realsuicidedrone/install/suicide_drone_msgs/local/lib/python3.10/dist-packages/suicide_drone_msgs/msg/__init__.py'...
Compiling '/home/kiki/realsuicidedrone/install/suicide_drone_msgs/local/lib/python3.10/dist-packages/suicide_drone_msgs/msg/_guidance_cmd.py'...
Compiling '/home/kiki/realsuicidedrone/install/suicide_drone_msgs/local/lib/python3.10/dist-packages/suicide_drone_msgs/msg/_ibvs_output.py'...
Compiling '/home/kiki/realsuicidedrone/install/suicide_drone_msgs/local/lib/python3.10/dist-packages/suicide_drone_msgs/msg/_target_info.py'...
-- Installing: /home/kiki/realsuicidedrone/install/suicide_drone_msgs/local/lib/python3.10/dist-packages/suicide_drone_msgs/suicide_drone_msgs_s__rosidl_typesupport_fastrtps_c.cpython-310-x86_64-linux-gnu.so
-- Set runtime path of "/home/kiki/realsuicidedrone/install/suicide_drone_msgs/local/lib/python3.10/dist-packages/suicide_drone_msgs/suicide_drone_msgs_s__rosidl_typesupport_fastrtps_c.cpython-310-x86_64-linux-gnu.so" to ""
-- Installing: /home/kiki/realsuicidedrone/install/suicide_drone_msgs/local/lib/python3.10/dist-packages/suicide_drone_msgs/suicide_drone_msgs_s__rosidl_typesupport_introspection_c.cpython-310-x86_64-linux-gnu.so
-- Set runtime path of "/home/kiki/realsuicidedrone/install/suicide_drone_msgs/local/lib/python3.10/dist-packages/suicide_drone_msgs/suicide_drone_msgs_s__rosidl_typesupport_introspection_c.cpython-310-x86_64-linux-gnu.so" to ""
-- Installing: /home/kiki/realsuicidedrone/install/suicide_drone_msgs/local/lib/python3.10/dist-packages/suicide_drone_msgs/suicide_drone_msgs_s__rosidl_typesupport_c.cpython-310-x86_64-linux-gnu.so
-- Set runtime path of "/home/kiki/realsuicidedrone/install/suicide_drone_msgs/local/lib/python3.10/dist-packages/suicide_drone_msgs/suicide_drone_msgs_s__rosidl_typesupport_c.cpython-310-x86_64-linux-gnu.so" to ""
-- Installing: /home/kiki/realsuicidedrone/install/suicide_drone_msgs/lib/libsuicide_drone_msgs__rosidl_generator_py.so
-- Set runtime path of "/home/kiki/realsuicidedrone/install/suicide_drone_msgs/lib/libsuicide_drone_msgs__rosidl_generator_py.so" to ""
-- Installing: /home/kiki/realsuicidedrone/install/suicide_drone_msgs/share/suicide_drone_msgs/msg/TargetInfo.idl
-- Installing: /home/kiki/realsuicidedrone/install/suicide_drone_msgs/share/suicide_drone_msgs/msg/IBVSOutput.idl
-- Installing: /home/kiki/realsuicidedrone/install/suicide_drone_msgs/share/suicide_drone_msgs/msg/GuidanceCmd.idl
-- Installing: /home/kiki/realsuicidedrone/install/suicide_drone_msgs/share/suicide_drone_msgs/msg/TargetInfo.msg
-- Installing: /home/kiki/realsuicidedrone/install/suicide_drone_msgs/share/suicide_drone_msgs/msg/IBVSOutput.msg
-- Installing: /home/kiki/realsuicidedrone/install/suicide_drone_msgs/share/suicide_drone_msgs/msg/GuidanceCmd.msg
-- Installing: /home/kiki/realsuicidedrone/install/suicide_drone_msgs/share/ament_index/resource_index/package_run_dependencies/suicide_drone_msgs
-- Installing: /home/kiki/realsuicidedrone/install/suicide_drone_msgs/share/ament_index/resource_index/parent_prefix_path/suicide_drone_msgs
-- Installing: /home/kiki/realsuicidedrone/install/suicide_drone_msgs/share/suicide_drone_msgs/environment/ament_prefix_path.sh
-- Installing: /home/kiki/realsuicidedrone/install/suicide_drone_msgs/share/suicide_drone_msgs/environment/ament_prefix_path.dsv
-- Installing: /home/kiki/realsuicidedrone/install/suicide_drone_msgs/share/suicide_drone_msgs/environment/path.sh
-- Installing: /home/kiki/realsuicidedrone/install/suicide_drone_msgs/share/suicide_drone_msgs/environment/path.dsv
-- Installing: /home/kiki/realsuicidedrone/install/suicide_drone_msgs/share/suicide_drone_msgs/local_setup.bash
-- Installing: /home/kiki/realsuicidedrone/install/suicide_drone_msgs/share/suicide_drone_msgs/local_setup.sh
-- Installing: /home/kiki/realsuicidedrone/install/suicide_drone_msgs/share/suicide_drone_msgs/local_setup.zsh
-- Installing: /home/kiki/realsuicidedrone/install/suicide_drone_msgs/share/suicide_drone_msgs/local_setup.dsv
-- Installing: /home/kiki/realsuicidedrone/install/suicide_drone_msgs/share/suicide_drone_msgs/package.dsv
-- Installing: /home/kiki/realsuicidedrone/install/suicide_drone_msgs/share/ament_index/resource_index/packages/suicide_drone_msgs
-- Installing: /home/kiki/realsuicidedrone/install/suicide_drone_msgs/share/suicide_drone_msgs/cmake/export_suicide_drone_msgs__rosidl_generator_cExport.cmake
-- Installing: /home/kiki/realsuicidedrone/install/suicide_drone_msgs/share/suicide_drone_msgs/cmake/export_suicide_drone_msgs__rosidl_generator_cExport-noconfig.cmake
-- Installing: /home/kiki/realsuicidedrone/install/suicide_drone_msgs/share/suicide_drone_msgs/cmake/export_suicide_drone_msgs__rosidl_typesupport_fastrtps_cExport.cmake
-- Installing: /home/kiki/realsuicidedrone/install/suicide_drone_msgs/share/suicide_drone_msgs/cmake/export_suicide_drone_msgs__rosidl_typesupport_fastrtps_cExport-noconfig.cmake
-- Installing: /home/kiki/realsuicidedrone/install/suicide_drone_msgs/share/suicide_drone_msgs/cmake/export_suicide_drone_msgs__rosidl_generator_cppExport.cmake
-- Installing: /home/kiki/realsuicidedrone/install/suicide_drone_msgs/share/suicide_drone_msgs/cmake/export_suicide_drone_msgs__rosidl_typesupport_fastrtps_cppExport.cmake
-- Installing: /home/kiki/realsuicidedrone/install/suicide_drone_msgs/share/suicide_drone_msgs/cmake/export_suicide_drone_msgs__rosidl_typesupport_fastrtps_cppExport-noconfig.cmake
-- Installing: /home/kiki/realsuicidedrone/install/suicide_drone_msgs/share/suicide_drone_msgs/cmake/suicide_drone_msgs__rosidl_typesupport_introspection_cExport.cmake
-- Installing: /home/kiki/realsuicidedrone/install/suicide_drone_msgs/share/suicide_drone_msgs/cmake/suicide_drone_msgs__rosidl_typesupport_introspection_cExport-noconfig.cmake
-- Installing: /home/kiki/realsuicidedrone/install/suicide_drone_msgs/share/suicide_drone_msgs/cmake/suicide_drone_msgs__rosidl_typesupport_cExport.cmake
-- Installing: /home/kiki/realsuicidedrone/install/suicide_drone_msgs/share/suicide_drone_msgs/cmake/suicide_drone_msgs__rosidl_typesupport_cExport-noconfig.cmake
-- Installing: /home/kiki/realsuicidedrone/install/suicide_drone_msgs/share/suicide_drone_msgs/cmake/suicide_drone_msgs__rosidl_typesupport_introspection_cppExport.cmake
-- Installing: /home/kiki/realsuicidedrone/install/suicide_drone_msgs/share/suicide_drone_msgs/cmake/suicide_drone_msgs__rosidl_typesupport_introspection_cppExport-noconfig.cmake
-- Installing: /home/kiki/realsuicidedrone/install/suicide_drone_msgs/share/suicide_drone_msgs/cmake/suicide_drone_msgs__rosidl_typesupport_cppExport.cmake
-- Installing: /home/kiki/realsuicidedrone/install/suicide_drone_msgs/share/suicide_drone_msgs/cmake/suicide_drone_msgs__rosidl_typesupport_cppExport-noconfig.cmake
-- Installing: /home/kiki/realsuicidedrone/install/suicide_drone_msgs/share/suicide_drone_msgs/cmake/export_suicide_drone_msgs__rosidl_generator_pyExport.cmake
-- Installing: /home/kiki/realsuicidedrone/install/suicide_drone_msgs/share/suicide_drone_msgs/cmake/export_suicide_drone_msgs__rosidl_generator_pyExport-noconfig.cmake
-- Installing: /home/kiki/realsuicidedrone/install/suicide_drone_msgs/share/suicide_drone_msgs/cmake/rosidl_cmake-extras.cmake
-- Installing: /home/kiki/realsuicidedrone/install/suicide_drone_msgs/share/suicide_drone_msgs/cmake/ament_cmake_export_dependencies-extras.cmake
-- Installing: /home/kiki/realsuicidedrone/install/suicide_drone_msgs/share/suicide_drone_msgs/cmake/ament_cmake_export_include_directories-extras.cmake
-- Installing: /home/kiki/realsuicidedrone/install/suicide_drone_msgs/share/suicide_drone_msgs/cmake/ament_cmake_export_libraries-extras.cmake
-- Installing: /home/kiki/realsuicidedrone/install/suicide_drone_msgs/share/suicide_drone_msgs/cmake/ament_cmake_export_targets-extras.cmake
-- Installing: /home/kiki/realsuicidedrone/install/suicide_drone_msgs/share/suicide_drone_msgs/cmake/rosidl_cmake_export_typesupport_targets-extras.cmake
-- Installing: /home/kiki/realsuicidedrone/install/suicide_drone_msgs/share/suicide_drone_msgs/cmake/rosidl_cmake_export_typesupport_libraries-extras.cmake
-- Installing: /home/kiki/realsuicidedrone/install/suicide_drone_msgs/share/suicide_drone_msgs/cmake/suicide_drone_msgsConfig.cmake
-- Installing: /home/kiki/realsuicidedrone/install/suicide_drone_msgs/share/suicide_drone_msgs/cmake/suicide_drone_msgsConfig-version.cmake
-- Installing: /home/kiki/realsuicidedrone/install/suicide_drone_msgs/share/suicide_drone_msgs/package.xml
