[0.005s] Invoking command in '/home/kiki/realsuicidedrone/build/suicide_drone_msgs': CMAKE_PREFIX_PATH=/opt/ros/humble /usr/bin/cmake /home/kiki/realsuicidedrone/src/suicide_drone_msgs -DCMAKE_INSTALL_PREFIX=/home/kiki/realsuicidedrone/install/suicide_drone_msgs
[0.079s] -- The C compiler identification is GNU 11.4.0
[0.121s] -- The CXX compiler identification is GNU 11.4.0
[0.130s] -- Detecting C compiler ABI info
[0.187s] -- Detecting C compiler ABI info - done
[0.192s] -- Check for working C compiler: /usr/bin/cc - skipped
[0.192s] -- Detecting C compile features
[0.192s] -- Detecting C compile features - done
[0.195s] -- Detecting CXX compiler ABI info
[0.253s] -- Detecting CXX compiler ABI info - done
[0.258s] -- Check for working CXX compiler: /usr/bin/c++ - skipped
[0.259s] -- Detecting CXX compile features
[0.259s] -- Detecting CXX compile features - done
[0.263s] -- Found ament_cmake: 1.3.12 (/opt/ros/humble/share/ament_cmake/cmake)
[0.398s] -- Found Python3: /usr/bin/python3 (found version "3.10.12") found components: Interpreter 
[0.470s] -- Found std_msgs: 4.9.0 (/opt/ros/humble/share/std_msgs/cmake)
[0.500s] -- Found rosidl_generator_c: 3.1.8 (/opt/ros/humble/share/rosidl_generator_c/cmake)
[0.505s] -- Found rosidl_adapter: 3.1.8 (/opt/ros/humble/share/rosidl_adapter/cmake)
[0.512s] -- Found rosidl_generator_cpp: 3.1.8 (/opt/ros/humble/share/rosidl_generator_cpp/cmake)
[0.524s] -- Using all available rosidl_typesupport_c: rosidl_typesupport_fastrtps_c;rosidl_typesupport_introspection_c
[0.537s] -- Using all available rosidl_typesupport_cpp: rosidl_typesupport_fastrtps_cpp;rosidl_typesupport_introspection_cpp
[0.559s] -- Found rosidl_default_generators: 1.2.0 (/opt/ros/humble/share/rosidl_default_generators/cmake)
[0.762s] -- Found ament_cmake_ros: 0.10.0 (/opt/ros/humble/share/ament_cmake_ros/cmake)
[1.022s] -- Using all available rosidl_typesupport_c: rosidl_typesupport_fastrtps_c;rosidl_typesupport_introspection_c
[1.123s] -- Using all available rosidl_typesupport_cpp: rosidl_typesupport_fastrtps_cpp;rosidl_typesupport_introspection_cpp
[1.139s] -- Found PythonInterp: /usr/bin/python3 (found suitable version "3.10.12", minimum required is "3.6") 
[1.141s] -- Found python_cmake_module: 0.10.0 (/opt/ros/humble/share/python_cmake_module/cmake)
[1.160s] -- Found PythonLibs: /usr/lib/x86_64-linux-gnu/libpython3.10.so (found suitable version "3.10.12", minimum required is "3.5") 
[1.160s] -- Using PYTHON_EXECUTABLE: /usr/bin/python3
[1.160s] -- Using PYTHON_INCLUDE_DIRS: /usr/include/python3.10
[1.160s] -- Using PYTHON_LIBRARIES: /usr/lib/x86_64-linux-gnu/libpython3.10.so
[1.175s] -- Found PythonExtra: .so  
[1.209s] -- Found ament_lint_auto: 0.12.14 (/opt/ros/humble/share/ament_lint_auto/cmake)
[1.231s] -- Added test 'copyright' to check source files copyright and LICENSE
[1.233s] -- Added test 'lint_cmake' to check CMake code style
[1.234s] -- Added test 'xmllint' to check XML markup files
[1.236s] -- Configuring done
[1.264s] -- Generating done
[1.273s] -- Build files have been written to: /home/kiki/realsuicidedrone/build/suicide_drone_msgs
[1.278s] Invoked command in '/home/kiki/realsuicidedrone/build/suicide_drone_msgs' returned '0': CMAKE_PREFIX_PATH=/opt/ros/humble /usr/bin/cmake /home/kiki/realsuicidedrone/src/suicide_drone_msgs -DCMAKE_INSTALL_PREFIX=/home/kiki/realsuicidedrone/install/suicide_drone_msgs
[1.279s] Invoking command in '/home/kiki/realsuicidedrone/build/suicide_drone_msgs': CMAKE_PREFIX_PATH=/opt/ros/humble /usr/bin/cmake --build /home/kiki/realsuicidedrone/build/suicide_drone_msgs -- -j12 -l12
[1.310s] [  2%] Generating C code for ROS interfaces
[1.317s] [  4%] Generating C++ code for ROS interfaces
[1.323s] [  4%] Built target ament_cmake_python_copy_suicide_drone_msgs
[1.503s] running egg_info
[1.503s] creating suicide_drone_msgs.egg-info
[1.503s] writing suicide_drone_msgs.egg-info/PKG-INFO
[1.503s] writing dependency_links to suicide_drone_msgs.egg-info/dependency_links.txt
[1.503s] writing top-level names to suicide_drone_msgs.egg-info/top_level.txt
[1.503s] writing manifest file 'suicide_drone_msgs.egg-info/SOURCES.txt'
[1.505s] reading manifest file 'suicide_drone_msgs.egg-info/SOURCES.txt'
[1.505s] writing manifest file 'suicide_drone_msgs.egg-info/SOURCES.txt'
[1.525s] [  4%] Built target ament_cmake_python_build_suicide_drone_msgs_egg
[1.654s] [  6%] Building C object CMakeFiles/suicide_drone_msgs__rosidl_generator_c.dir/rosidl_generator_c/suicide_drone_msgs/msg/detail/target_info__functions.c.o
[1.654s] [  8%] Building C object CMakeFiles/suicide_drone_msgs__rosidl_generator_c.dir/rosidl_generator_c/suicide_drone_msgs/msg/detail/ibvs_output__functions.c.o
[1.654s] [ 10%] Building C object CMakeFiles/suicide_drone_msgs__rosidl_generator_c.dir/rosidl_generator_c/suicide_drone_msgs/msg/detail/guidance_cmd__functions.c.o
[1.655s] [ 10%] Built target suicide_drone_msgs__cpp
[1.663s] [ 12%] Generating C++ type support dispatch for ROS interfaces
[1.663s] [ 14%] Generating C++ type support for eProsima Fast-RTPS
[1.663s] [ 17%] Generating C++ introspection for ROS interfaces
[1.700s] [ 19%] Linking C shared library libsuicide_drone_msgs__rosidl_generator_c.so
[1.732s] [ 19%] Built target suicide_drone_msgs__rosidl_generator_c
[1.740s] [ 25%] Generating C type support for eProsima Fast-RTPS
[1.740s] [ 25%] Generating C introspection for ROS interfaces
[1.740s] [ 25%] Generating C type support dispatch for ROS interfaces
[1.945s] [ 27%] Building CXX object CMakeFiles/suicide_drone_msgs__rosidl_typesupport_cpp.dir/rosidl_typesupport_cpp/suicide_drone_msgs/msg/target_info__type_support.cpp.o
[1.946s] [ 29%] Building CXX object CMakeFiles/suicide_drone_msgs__rosidl_typesupport_cpp.dir/rosidl_typesupport_cpp/suicide_drone_msgs/msg/ibvs_output__type_support.cpp.o
[1.946s] [ 31%] Building CXX object CMakeFiles/suicide_drone_msgs__rosidl_typesupport_cpp.dir/rosidl_typesupport_cpp/suicide_drone_msgs/msg/guidance_cmd__type_support.cpp.o
[2.032s] [ 36%] Building CXX object CMakeFiles/suicide_drone_msgs__rosidl_typesupport_c.dir/rosidl_typesupport_c/suicide_drone_msgs/msg/ibvs_output__type_support.cpp.o
[2.032s] [ 36%] Building CXX object CMakeFiles/suicide_drone_msgs__rosidl_typesupport_c.dir/rosidl_typesupport_c/suicide_drone_msgs/msg/target_info__type_support.cpp.o
[2.032s] [ 38%] Building CXX object CMakeFiles/suicide_drone_msgs__rosidl_typesupport_c.dir/rosidl_typesupport_c/suicide_drone_msgs/msg/guidance_cmd__type_support.cpp.o
[2.068s] [ 40%] Linking CXX shared library libsuicide_drone_msgs__rosidl_typesupport_c.so
[2.081s] [ 42%] Building C object CMakeFiles/suicide_drone_msgs__rosidl_typesupport_introspection_c.dir/rosidl_typesupport_introspection_c/suicide_drone_msgs/msg/detail/target_info__type_support.c.o
[2.082s] [ 44%] Building C object CMakeFiles/suicide_drone_msgs__rosidl_typesupport_introspection_c.dir/rosidl_typesupport_introspection_c/suicide_drone_msgs/msg/detail/guidance_cmd__type_support.c.o
[2.083s] [ 46%] Building C object CMakeFiles/suicide_drone_msgs__rosidl_typesupport_introspection_c.dir/rosidl_typesupport_introspection_c/suicide_drone_msgs/msg/detail/ibvs_output__type_support.c.o
[2.093s] [ 48%] Building CXX object CMakeFiles/suicide_drone_msgs__rosidl_typesupport_fastrtps_c.dir/rosidl_typesupport_fastrtps_c/suicide_drone_msgs/msg/detail/guidance_cmd__type_support_c.cpp.o
[2.093s] [ 51%] Building CXX object CMakeFiles/suicide_drone_msgs__rosidl_typesupport_fastrtps_c.dir/rosidl_typesupport_fastrtps_c/suicide_drone_msgs/msg/detail/ibvs_output__type_support_c.cpp.o
[2.093s] [ 53%] Building CXX object CMakeFiles/suicide_drone_msgs__rosidl_typesupport_fastrtps_c.dir/rosidl_typesupport_fastrtps_c/suicide_drone_msgs/msg/detail/target_info__type_support_c.cpp.o
[2.118s] [ 53%] Built target suicide_drone_msgs__rosidl_typesupport_c
[2.132s] [ 55%] Linking C shared library libsuicide_drone_msgs__rosidl_typesupport_introspection_c.so
[2.154s] [ 59%] Building CXX object CMakeFiles/suicide_drone_msgs__rosidl_typesupport_introspection_cpp.dir/rosidl_typesupport_introspection_cpp/suicide_drone_msgs/msg/detail/ibvs_output__type_support.cpp.o
[2.154s] [ 59%] Building CXX object CMakeFiles/suicide_drone_msgs__rosidl_typesupport_introspection_cpp.dir/rosidl_typesupport_introspection_cpp/suicide_drone_msgs/msg/detail/target_info__type_support.cpp.o
[2.158s] [ 61%] Building CXX object CMakeFiles/suicide_drone_msgs__rosidl_typesupport_introspection_cpp.dir/rosidl_typesupport_introspection_cpp/suicide_drone_msgs/msg/detail/guidance_cmd__type_support.cpp.o
[2.165s] [ 61%] Built target suicide_drone_msgs__rosidl_typesupport_introspection_c
[2.202s] [ 63%] Building CXX object CMakeFiles/suicide_drone_msgs__rosidl_typesupport_fastrtps_cpp.dir/rosidl_typesupport_fastrtps_cpp/suicide_drone_msgs/msg/detail/dds_fastrtps/ibvs_output__type_support.cpp.o
[2.205s] [ 65%] Building CXX object CMakeFiles/suicide_drone_msgs__rosidl_typesupport_fastrtps_cpp.dir/rosidl_typesupport_fastrtps_cpp/suicide_drone_msgs/msg/detail/dds_fastrtps/target_info__type_support.cpp.o
[2.206s] [ 68%] Building CXX object CMakeFiles/suicide_drone_msgs__rosidl_typesupport_fastrtps_cpp.dir/rosidl_typesupport_fastrtps_cpp/suicide_drone_msgs/msg/detail/dds_fastrtps/guidance_cmd__type_support.cpp.o
[2.218s] [ 70%] Linking CXX shared library libsuicide_drone_msgs__rosidl_typesupport_cpp.so
[2.273s] [ 70%] Built target suicide_drone_msgs__rosidl_typesupport_cpp
[2.473s] [ 72%] Linking CXX shared library libsuicide_drone_msgs__rosidl_typesupport_fastrtps_c.so
[2.542s] [ 72%] Built target suicide_drone_msgs__rosidl_typesupport_fastrtps_c
[2.545s] [ 74%] Linking CXX shared library libsuicide_drone_msgs__rosidl_typesupport_introspection_cpp.so
[2.595s] [ 74%] Built target suicide_drone_msgs__rosidl_typesupport_introspection_cpp
[2.610s] [ 76%] Linking CXX shared library libsuicide_drone_msgs__rosidl_typesupport_fastrtps_cpp.so
[2.664s] [ 76%] Built target suicide_drone_msgs__rosidl_typesupport_fastrtps_cpp
[2.679s] [ 76%] Built target suicide_drone_msgs
[2.695s] [ 78%] Generating Python code for ROS interfaces
[3.203s] [ 78%] Built target suicide_drone_msgs__py
[3.217s] [ 80%] Building C object CMakeFiles/suicide_drone_msgs__rosidl_generator_py.dir/rosidl_generator_py/suicide_drone_msgs/msg/_target_info_s.c.o
[3.217s] [ 82%] Building C object CMakeFiles/suicide_drone_msgs__rosidl_generator_py.dir/rosidl_generator_py/suicide_drone_msgs/msg/_ibvs_output_s.c.o
[3.217s] [ 85%] Building C object CMakeFiles/suicide_drone_msgs__rosidl_generator_py.dir/rosidl_generator_py/suicide_drone_msgs/msg/_guidance_cmd_s.c.o
[3.303s] [ 87%] Linking C shared library rosidl_generator_py/suicide_drone_msgs/libsuicide_drone_msgs__rosidl_generator_py.so
[3.333s] [ 87%] Built target suicide_drone_msgs__rosidl_generator_py
[3.348s] [ 89%] Building C object CMakeFiles/suicide_drone_msgs__rosidl_typesupport_c__pyext.dir/rosidl_generator_py/suicide_drone_msgs/_suicide_drone_msgs_s.ep.rosidl_typesupport_c.c.o
[3.348s] [ 91%] Building C object CMakeFiles/suicide_drone_msgs__rosidl_typesupport_fastrtps_c__pyext.dir/rosidl_generator_py/suicide_drone_msgs/_suicide_drone_msgs_s.ep.rosidl_typesupport_fastrtps_c.c.o
[3.348s] [ 93%] Building C object CMakeFiles/suicide_drone_msgs__rosidl_typesupport_introspection_c__pyext.dir/rosidl_generator_py/suicide_drone_msgs/_suicide_drone_msgs_s.ep.rosidl_typesupport_introspection_c.c.o
[3.424s] [ 97%] Linking C shared library rosidl_generator_py/suicide_drone_msgs/suicide_drone_msgs_s__rosidl_typesupport_introspection_c.cpython-310-x86_64-linux-gnu.so
[3.424s] [ 97%] Linking C shared library rosidl_generator_py/suicide_drone_msgs/suicide_drone_msgs_s__rosidl_typesupport_c.cpython-310-x86_64-linux-gnu.so
[3.424s] [100%] Linking C shared library rosidl_generator_py/suicide_drone_msgs/suicide_drone_msgs_s__rosidl_typesupport_fastrtps_c.cpython-310-x86_64-linux-gnu.so
[3.454s] [100%] Built target suicide_drone_msgs__rosidl_typesupport_c__pyext
[3.454s] [100%] Built target suicide_drone_msgs__rosidl_typesupport_fastrtps_c__pyext
[3.454s] [100%] Built target suicide_drone_msgs__rosidl_typesupport_introspection_c__pyext
[3.464s] Invoked command in '/home/kiki/realsuicidedrone/build/suicide_drone_msgs' returned '0': CMAKE_PREFIX_PATH=/opt/ros/humble /usr/bin/cmake --build /home/kiki/realsuicidedrone/build/suicide_drone_msgs -- -j12 -l12
[3.473s] Invoking command in '/home/kiki/realsuicidedrone/build/suicide_drone_msgs': CMAKE_PREFIX_PATH=/opt/ros/humble /usr/bin/cmake --install /home/kiki/realsuicidedrone/build/suicide_drone_msgs
[3.479s] -- Install configuration: ""
[3.479s] -- Installing: /home/kiki/realsuicidedrone/install/suicide_drone_msgs/share/ament_index/resource_index/rosidl_interfaces/suicide_drone_msgs
[3.480s] -- Installing: /home/kiki/realsuicidedrone/install/suicide_drone_msgs/include/suicide_drone_msgs/suicide_drone_msgs
[3.480s] -- Installing: /home/kiki/realsuicidedrone/install/suicide_drone_msgs/include/suicide_drone_msgs/suicide_drone_msgs/msg
[3.480s] -- Installing: /home/kiki/realsuicidedrone/install/suicide_drone_msgs/include/suicide_drone_msgs/suicide_drone_msgs/msg/ibvs_output.h
[3.480s] -- Installing: /home/kiki/realsuicidedrone/install/suicide_drone_msgs/include/suicide_drone_msgs/suicide_drone_msgs/msg/rosidl_generator_c__visibility_control.h
[3.480s] -- Installing: /home/kiki/realsuicidedrone/install/suicide_drone_msgs/include/suicide_drone_msgs/suicide_drone_msgs/msg/target_info.h
[3.480s] -- Installing: /home/kiki/realsuicidedrone/install/suicide_drone_msgs/include/suicide_drone_msgs/suicide_drone_msgs/msg/detail
[3.480s] -- Installing: /home/kiki/realsuicidedrone/install/suicide_drone_msgs/include/suicide_drone_msgs/suicide_drone_msgs/msg/detail/guidance_cmd__functions.c
[3.480s] -- Installing: /home/kiki/realsuicidedrone/install/suicide_drone_msgs/include/suicide_drone_msgs/suicide_drone_msgs/msg/detail/guidance_cmd__functions.h
[3.480s] -- Installing: /home/kiki/realsuicidedrone/install/suicide_drone_msgs/include/suicide_drone_msgs/suicide_drone_msgs/msg/detail/target_info__functions.c
[3.480s] -- Installing: /home/kiki/realsuicidedrone/install/suicide_drone_msgs/include/suicide_drone_msgs/suicide_drone_msgs/msg/detail/guidance_cmd__struct.h
[3.481s] -- Installing: /home/kiki/realsuicidedrone/install/suicide_drone_msgs/include/suicide_drone_msgs/suicide_drone_msgs/msg/detail/target_info__type_support.h
[3.481s] -- Installing: /home/kiki/realsuicidedrone/install/suicide_drone_msgs/include/suicide_drone_msgs/suicide_drone_msgs/msg/detail/ibvs_output__type_support.h
[3.481s] -- Installing: /home/kiki/realsuicidedrone/install/suicide_drone_msgs/include/suicide_drone_msgs/suicide_drone_msgs/msg/detail/ibvs_output__functions.c
[3.481s] -- Installing: /home/kiki/realsuicidedrone/install/suicide_drone_msgs/include/suicide_drone_msgs/suicide_drone_msgs/msg/detail/guidance_cmd__type_support.h
[3.481s] -- Installing: /home/kiki/realsuicidedrone/install/suicide_drone_msgs/include/suicide_drone_msgs/suicide_drone_msgs/msg/detail/ibvs_output__struct.h
[3.481s] -- Installing: /home/kiki/realsuicidedrone/install/suicide_drone_msgs/include/suicide_drone_msgs/suicide_drone_msgs/msg/detail/target_info__functions.h
[3.481s] -- Installing: /home/kiki/realsuicidedrone/install/suicide_drone_msgs/include/suicide_drone_msgs/suicide_drone_msgs/msg/detail/target_info__struct.h
[3.481s] -- Installing: /home/kiki/realsuicidedrone/install/suicide_drone_msgs/include/suicide_drone_msgs/suicide_drone_msgs/msg/detail/ibvs_output__functions.h
[3.481s] -- Installing: /home/kiki/realsuicidedrone/install/suicide_drone_msgs/include/suicide_drone_msgs/suicide_drone_msgs/msg/guidance_cmd.h
[3.482s] -- Installing: /home/kiki/realsuicidedrone/install/suicide_drone_msgs/share/suicide_drone_msgs/environment/library_path.sh
[3.482s] -- Installing: /home/kiki/realsuicidedrone/install/suicide_drone_msgs/share/suicide_drone_msgs/environment/library_path.dsv
[3.482s] -- Installing: /home/kiki/realsuicidedrone/install/suicide_drone_msgs/lib/libsuicide_drone_msgs__rosidl_generator_c.so
[3.482s] -- Set runtime path of "/home/kiki/realsuicidedrone/install/suicide_drone_msgs/lib/libsuicide_drone_msgs__rosidl_generator_c.so" to ""
[3.482s] -- Up-to-date: /home/kiki/realsuicidedrone/install/suicide_drone_msgs/include/suicide_drone_msgs/suicide_drone_msgs
[3.482s] -- Up-to-date: /home/kiki/realsuicidedrone/install/suicide_drone_msgs/include/suicide_drone_msgs/suicide_drone_msgs/msg
[3.482s] -- Installing: /home/kiki/realsuicidedrone/install/suicide_drone_msgs/include/suicide_drone_msgs/suicide_drone_msgs/msg/rosidl_typesupport_fastrtps_c__visibility_control.h
[3.483s] -- Up-to-date: /home/kiki/realsuicidedrone/install/suicide_drone_msgs/include/suicide_drone_msgs/suicide_drone_msgs/msg/detail
[3.483s] -- Installing: /home/kiki/realsuicidedrone/install/suicide_drone_msgs/include/suicide_drone_msgs/suicide_drone_msgs/msg/detail/guidance_cmd__rosidl_typesupport_fastrtps_c.h
[3.483s] -- Installing: /home/kiki/realsuicidedrone/install/suicide_drone_msgs/include/suicide_drone_msgs/suicide_drone_msgs/msg/detail/ibvs_output__rosidl_typesupport_fastrtps_c.h
[3.483s] -- Installing: /home/kiki/realsuicidedrone/install/suicide_drone_msgs/include/suicide_drone_msgs/suicide_drone_msgs/msg/detail/target_info__rosidl_typesupport_fastrtps_c.h
[3.483s] -- Installing: /home/kiki/realsuicidedrone/install/suicide_drone_msgs/lib/libsuicide_drone_msgs__rosidl_typesupport_fastrtps_c.so
[3.483s] -- Set runtime path of "/home/kiki/realsuicidedrone/install/suicide_drone_msgs/lib/libsuicide_drone_msgs__rosidl_typesupport_fastrtps_c.so" to ""
[3.483s] -- Up-to-date: /home/kiki/realsuicidedrone/install/suicide_drone_msgs/include/suicide_drone_msgs/suicide_drone_msgs
[3.483s] -- Up-to-date: /home/kiki/realsuicidedrone/install/suicide_drone_msgs/include/suicide_drone_msgs/suicide_drone_msgs/msg
[3.483s] -- Installing: /home/kiki/realsuicidedrone/install/suicide_drone_msgs/include/suicide_drone_msgs/suicide_drone_msgs/msg/guidance_cmd.hpp
[3.483s] -- Installing: /home/kiki/realsuicidedrone/install/suicide_drone_msgs/include/suicide_drone_msgs/suicide_drone_msgs/msg/target_info.hpp
[3.484s] -- Up-to-date: /home/kiki/realsuicidedrone/install/suicide_drone_msgs/include/suicide_drone_msgs/suicide_drone_msgs/msg/detail
[3.484s] -- Installing: /home/kiki/realsuicidedrone/install/suicide_drone_msgs/include/suicide_drone_msgs/suicide_drone_msgs/msg/detail/ibvs_output__type_support.hpp
[3.484s] -- Installing: /home/kiki/realsuicidedrone/install/suicide_drone_msgs/include/suicide_drone_msgs/suicide_drone_msgs/msg/detail/guidance_cmd__type_support.hpp
[3.484s] -- Installing: /home/kiki/realsuicidedrone/install/suicide_drone_msgs/include/suicide_drone_msgs/suicide_drone_msgs/msg/detail/ibvs_output__traits.hpp
[3.484s] -- Installing: /home/kiki/realsuicidedrone/install/suicide_drone_msgs/include/suicide_drone_msgs/suicide_drone_msgs/msg/detail/target_info__traits.hpp
[3.484s] -- Installing: /home/kiki/realsuicidedrone/install/suicide_drone_msgs/include/suicide_drone_msgs/suicide_drone_msgs/msg/detail/guidance_cmd__builder.hpp
[3.484s] -- Installing: /home/kiki/realsuicidedrone/install/suicide_drone_msgs/include/suicide_drone_msgs/suicide_drone_msgs/msg/detail/ibvs_output__struct.hpp
[3.484s] -- Installing: /home/kiki/realsuicidedrone/install/suicide_drone_msgs/include/suicide_drone_msgs/suicide_drone_msgs/msg/detail/ibvs_output__builder.hpp
[3.484s] -- Installing: /home/kiki/realsuicidedrone/install/suicide_drone_msgs/include/suicide_drone_msgs/suicide_drone_msgs/msg/detail/target_info__type_support.hpp
[3.484s] -- Installing: /home/kiki/realsuicidedrone/install/suicide_drone_msgs/include/suicide_drone_msgs/suicide_drone_msgs/msg/detail/guidance_cmd__traits.hpp
[3.484s] -- Installing: /home/kiki/realsuicidedrone/install/suicide_drone_msgs/include/suicide_drone_msgs/suicide_drone_msgs/msg/detail/target_info__builder.hpp
[3.485s] -- Installing: /home/kiki/realsuicidedrone/install/suicide_drone_msgs/include/suicide_drone_msgs/suicide_drone_msgs/msg/detail/guidance_cmd__struct.hpp
[3.485s] -- Installing: /home/kiki/realsuicidedrone/install/suicide_drone_msgs/include/suicide_drone_msgs/suicide_drone_msgs/msg/detail/target_info__struct.hpp
[3.485s] -- Installing: /home/kiki/realsuicidedrone/install/suicide_drone_msgs/include/suicide_drone_msgs/suicide_drone_msgs/msg/ibvs_output.hpp
[3.485s] -- Installing: /home/kiki/realsuicidedrone/install/suicide_drone_msgs/include/suicide_drone_msgs/suicide_drone_msgs/msg/rosidl_generator_cpp__visibility_control.hpp
[3.485s] -- Up-to-date: /home/kiki/realsuicidedrone/install/suicide_drone_msgs/include/suicide_drone_msgs/suicide_drone_msgs
[3.485s] -- Up-to-date: /home/kiki/realsuicidedrone/install/suicide_drone_msgs/include/suicide_drone_msgs/suicide_drone_msgs/msg
[3.485s] -- Up-to-date: /home/kiki/realsuicidedrone/install/suicide_drone_msgs/include/suicide_drone_msgs/suicide_drone_msgs/msg/detail
[3.485s] -- Installing: /home/kiki/realsuicidedrone/install/suicide_drone_msgs/include/suicide_drone_msgs/suicide_drone_msgs/msg/detail/guidance_cmd__rosidl_typesupport_fastrtps_cpp.hpp
[3.485s] -- Installing: /home/kiki/realsuicidedrone/install/suicide_drone_msgs/include/suicide_drone_msgs/suicide_drone_msgs/msg/detail/ibvs_output__rosidl_typesupport_fastrtps_cpp.hpp
[3.485s] -- Installing: /home/kiki/realsuicidedrone/install/suicide_drone_msgs/include/suicide_drone_msgs/suicide_drone_msgs/msg/detail/target_info__rosidl_typesupport_fastrtps_cpp.hpp
[3.485s] -- Installing: /home/kiki/realsuicidedrone/install/suicide_drone_msgs/include/suicide_drone_msgs/suicide_drone_msgs/msg/detail/dds_fastrtps
[3.485s] -- Installing: /home/kiki/realsuicidedrone/install/suicide_drone_msgs/include/suicide_drone_msgs/suicide_drone_msgs/msg/rosidl_typesupport_fastrtps_cpp__visibility_control.h
[3.486s] -- Installing: /home/kiki/realsuicidedrone/install/suicide_drone_msgs/lib/libsuicide_drone_msgs__rosidl_typesupport_fastrtps_cpp.so
[3.486s] -- Set runtime path of "/home/kiki/realsuicidedrone/install/suicide_drone_msgs/lib/libsuicide_drone_msgs__rosidl_typesupport_fastrtps_cpp.so" to ""
[3.486s] -- Up-to-date: /home/kiki/realsuicidedrone/install/suicide_drone_msgs/include/suicide_drone_msgs/suicide_drone_msgs
[3.486s] -- Up-to-date: /home/kiki/realsuicidedrone/install/suicide_drone_msgs/include/suicide_drone_msgs/suicide_drone_msgs/msg
[3.486s] -- Installing: /home/kiki/realsuicidedrone/install/suicide_drone_msgs/include/suicide_drone_msgs/suicide_drone_msgs/msg/rosidl_typesupport_introspection_c__visibility_control.h
[3.486s] -- Up-to-date: /home/kiki/realsuicidedrone/install/suicide_drone_msgs/include/suicide_drone_msgs/suicide_drone_msgs/msg/detail
[3.486s] -- Installing: /home/kiki/realsuicidedrone/install/suicide_drone_msgs/include/suicide_drone_msgs/suicide_drone_msgs/msg/detail/target_info__type_support.c
[3.486s] -- Installing: /home/kiki/realsuicidedrone/install/suicide_drone_msgs/include/suicide_drone_msgs/suicide_drone_msgs/msg/detail/ibvs_output__rosidl_typesupport_introspection_c.h
[3.486s] -- Installing: /home/kiki/realsuicidedrone/install/suicide_drone_msgs/include/suicide_drone_msgs/suicide_drone_msgs/msg/detail/target_info__rosidl_typesupport_introspection_c.h
[3.486s] -- Installing: /home/kiki/realsuicidedrone/install/suicide_drone_msgs/include/suicide_drone_msgs/suicide_drone_msgs/msg/detail/ibvs_output__type_support.c
[3.487s] -- Installing: /home/kiki/realsuicidedrone/install/suicide_drone_msgs/include/suicide_drone_msgs/suicide_drone_msgs/msg/detail/guidance_cmd__type_support.c
[3.487s] -- Installing: /home/kiki/realsuicidedrone/install/suicide_drone_msgs/include/suicide_drone_msgs/suicide_drone_msgs/msg/detail/guidance_cmd__rosidl_typesupport_introspection_c.h
[3.487s] -- Installing: /home/kiki/realsuicidedrone/install/suicide_drone_msgs/lib/libsuicide_drone_msgs__rosidl_typesupport_introspection_c.so
[3.487s] -- Set runtime path of "/home/kiki/realsuicidedrone/install/suicide_drone_msgs/lib/libsuicide_drone_msgs__rosidl_typesupport_introspection_c.so" to ""
[3.487s] -- Installing: /home/kiki/realsuicidedrone/install/suicide_drone_msgs/lib/libsuicide_drone_msgs__rosidl_typesupport_c.so
[3.488s] -- Set runtime path of "/home/kiki/realsuicidedrone/install/suicide_drone_msgs/lib/libsuicide_drone_msgs__rosidl_typesupport_c.so" to ""
[3.488s] -- Up-to-date: /home/kiki/realsuicidedrone/install/suicide_drone_msgs/include/suicide_drone_msgs/suicide_drone_msgs
[3.488s] -- Up-to-date: /home/kiki/realsuicidedrone/install/suicide_drone_msgs/include/suicide_drone_msgs/suicide_drone_msgs/msg
[3.488s] -- Up-to-date: /home/kiki/realsuicidedrone/install/suicide_drone_msgs/include/suicide_drone_msgs/suicide_drone_msgs/msg/detail
[3.488s] -- Installing: /home/kiki/realsuicidedrone/install/suicide_drone_msgs/include/suicide_drone_msgs/suicide_drone_msgs/msg/detail/guidance_cmd__rosidl_typesupport_introspection_cpp.hpp
[3.488s] -- Installing: /home/kiki/realsuicidedrone/install/suicide_drone_msgs/include/suicide_drone_msgs/suicide_drone_msgs/msg/detail/guidance_cmd__type_support.cpp
[3.488s] -- Installing: /home/kiki/realsuicidedrone/install/suicide_drone_msgs/include/suicide_drone_msgs/suicide_drone_msgs/msg/detail/target_info__type_support.cpp
[3.488s] -- Installing: /home/kiki/realsuicidedrone/install/suicide_drone_msgs/include/suicide_drone_msgs/suicide_drone_msgs/msg/detail/ibvs_output__type_support.cpp
[3.488s] -- Installing: /home/kiki/realsuicidedrone/install/suicide_drone_msgs/include/suicide_drone_msgs/suicide_drone_msgs/msg/detail/target_info__rosidl_typesupport_introspection_cpp.hpp
[3.488s] -- Installing: /home/kiki/realsuicidedrone/install/suicide_drone_msgs/include/suicide_drone_msgs/suicide_drone_msgs/msg/detail/ibvs_output__rosidl_typesupport_introspection_cpp.hpp
[3.488s] -- Installing: /home/kiki/realsuicidedrone/install/suicide_drone_msgs/lib/libsuicide_drone_msgs__rosidl_typesupport_introspection_cpp.so
[3.489s] -- Set runtime path of "/home/kiki/realsuicidedrone/install/suicide_drone_msgs/lib/libsuicide_drone_msgs__rosidl_typesupport_introspection_cpp.so" to ""
[3.489s] -- Installing: /home/kiki/realsuicidedrone/install/suicide_drone_msgs/lib/libsuicide_drone_msgs__rosidl_typesupport_cpp.so
[3.489s] -- Set runtime path of "/home/kiki/realsuicidedrone/install/suicide_drone_msgs/lib/libsuicide_drone_msgs__rosidl_typesupport_cpp.so" to ""
[3.489s] -- Installing: /home/kiki/realsuicidedrone/install/suicide_drone_msgs/share/suicide_drone_msgs/environment/pythonpath.sh
[3.489s] -- Installing: /home/kiki/realsuicidedrone/install/suicide_drone_msgs/share/suicide_drone_msgs/environment/pythonpath.dsv
[3.489s] -- Installing: /home/kiki/realsuicidedrone/install/suicide_drone_msgs/local/lib/python3.10/dist-packages/suicide_drone_msgs-0.0.0-py3.10.egg-info
[3.489s] -- Installing: /home/kiki/realsuicidedrone/install/suicide_drone_msgs/local/lib/python3.10/dist-packages/suicide_drone_msgs-0.0.0-py3.10.egg-info/PKG-INFO
[3.489s] -- Installing: /home/kiki/realsuicidedrone/install/suicide_drone_msgs/local/lib/python3.10/dist-packages/suicide_drone_msgs-0.0.0-py3.10.egg-info/top_level.txt
[3.489s] -- Installing: /home/kiki/realsuicidedrone/install/suicide_drone_msgs/local/lib/python3.10/dist-packages/suicide_drone_msgs-0.0.0-py3.10.egg-info/dependency_links.txt
[3.490s] -- Installing: /home/kiki/realsuicidedrone/install/suicide_drone_msgs/local/lib/python3.10/dist-packages/suicide_drone_msgs-0.0.0-py3.10.egg-info/SOURCES.txt
[3.490s] -- Installing: /home/kiki/realsuicidedrone/install/suicide_drone_msgs/local/lib/python3.10/dist-packages/suicide_drone_msgs
[3.490s] -- Installing: /home/kiki/realsuicidedrone/install/suicide_drone_msgs/local/lib/python3.10/dist-packages/suicide_drone_msgs/suicide_drone_msgs_s__rosidl_typesupport_introspection_c.cpython-310-x86_64-linux-gnu.so
[3.490s] -- Installing: /home/kiki/realsuicidedrone/install/suicide_drone_msgs/local/lib/python3.10/dist-packages/suicide_drone_msgs/_suicide_drone_msgs_s.ep.rosidl_typesupport_c.c
[3.490s] -- Installing: /home/kiki/realsuicidedrone/install/suicide_drone_msgs/local/lib/python3.10/dist-packages/suicide_drone_msgs/libsuicide_drone_msgs__rosidl_generator_py.so
[3.490s] -- Installing: /home/kiki/realsuicidedrone/install/suicide_drone_msgs/local/lib/python3.10/dist-packages/suicide_drone_msgs/_suicide_drone_msgs_s.ep.rosidl_typesupport_fastrtps_c.c
[3.490s] -- Installing: /home/kiki/realsuicidedrone/install/suicide_drone_msgs/local/lib/python3.10/dist-packages/suicide_drone_msgs/suicide_drone_msgs_s__rosidl_typesupport_c.cpython-310-x86_64-linux-gnu.so
[3.490s] -- Installing: /home/kiki/realsuicidedrone/install/suicide_drone_msgs/local/lib/python3.10/dist-packages/suicide_drone_msgs/__init__.py
[3.490s] -- Installing: /home/kiki/realsuicidedrone/install/suicide_drone_msgs/local/lib/python3.10/dist-packages/suicide_drone_msgs/suicide_drone_msgs_s__rosidl_typesupport_fastrtps_c.cpython-310-x86_64-linux-gnu.so
[3.491s] -- Installing: /home/kiki/realsuicidedrone/install/suicide_drone_msgs/local/lib/python3.10/dist-packages/suicide_drone_msgs/msg
[3.491s] -- Installing: /home/kiki/realsuicidedrone/install/suicide_drone_msgs/local/lib/python3.10/dist-packages/suicide_drone_msgs/msg/_ibvs_output.py
[3.491s] -- Installing: /home/kiki/realsuicidedrone/install/suicide_drone_msgs/local/lib/python3.10/dist-packages/suicide_drone_msgs/msg/_target_info.py
[3.491s] -- Installing: /home/kiki/realsuicidedrone/install/suicide_drone_msgs/local/lib/python3.10/dist-packages/suicide_drone_msgs/msg/_target_info_s.c
[3.491s] -- Installing: /home/kiki/realsuicidedrone/install/suicide_drone_msgs/local/lib/python3.10/dist-packages/suicide_drone_msgs/msg/_guidance_cmd.py
[3.491s] -- Installing: /home/kiki/realsuicidedrone/install/suicide_drone_msgs/local/lib/python3.10/dist-packages/suicide_drone_msgs/msg/_guidance_cmd_s.c
[3.491s] -- Installing: /home/kiki/realsuicidedrone/install/suicide_drone_msgs/local/lib/python3.10/dist-packages/suicide_drone_msgs/msg/_ibvs_output_s.c
[3.491s] -- Installing: /home/kiki/realsuicidedrone/install/suicide_drone_msgs/local/lib/python3.10/dist-packages/suicide_drone_msgs/msg/__init__.py
[3.491s] -- Installing: /home/kiki/realsuicidedrone/install/suicide_drone_msgs/local/lib/python3.10/dist-packages/suicide_drone_msgs/_suicide_drone_msgs_s.ep.rosidl_typesupport_introspection_c.c
[3.517s] Listing '/home/kiki/realsuicidedrone/install/suicide_drone_msgs/local/lib/python3.10/dist-packages/suicide_drone_msgs'...
[3.517s] Compiling '/home/kiki/realsuicidedrone/install/suicide_drone_msgs/local/lib/python3.10/dist-packages/suicide_drone_msgs/__init__.py'...
[3.517s] Listing '/home/kiki/realsuicidedrone/install/suicide_drone_msgs/local/lib/python3.10/dist-packages/suicide_drone_msgs/msg'...
[3.517s] Compiling '/home/kiki/realsuicidedrone/install/suicide_drone_msgs/local/lib/python3.10/dist-packages/suicide_drone_msgs/msg/__init__.py'...
[3.517s] Compiling '/home/kiki/realsuicidedrone/install/suicide_drone_msgs/local/lib/python3.10/dist-packages/suicide_drone_msgs/msg/_guidance_cmd.py'...
[3.517s] Compiling '/home/kiki/realsuicidedrone/install/suicide_drone_msgs/local/lib/python3.10/dist-packages/suicide_drone_msgs/msg/_ibvs_output.py'...
[3.517s] Compiling '/home/kiki/realsuicidedrone/install/suicide_drone_msgs/local/lib/python3.10/dist-packages/suicide_drone_msgs/msg/_target_info.py'...
[3.520s] -- Installing: /home/kiki/realsuicidedrone/install/suicide_drone_msgs/local/lib/python3.10/dist-packages/suicide_drone_msgs/suicide_drone_msgs_s__rosidl_typesupport_fastrtps_c.cpython-310-x86_64-linux-gnu.so
[3.520s] -- Set runtime path of "/home/kiki/realsuicidedrone/install/suicide_drone_msgs/local/lib/python3.10/dist-packages/suicide_drone_msgs/suicide_drone_msgs_s__rosidl_typesupport_fastrtps_c.cpython-310-x86_64-linux-gnu.so" to ""
[3.521s] -- Installing: /home/kiki/realsuicidedrone/install/suicide_drone_msgs/local/lib/python3.10/dist-packages/suicide_drone_msgs/suicide_drone_msgs_s__rosidl_typesupport_introspection_c.cpython-310-x86_64-linux-gnu.so
[3.521s] -- Set runtime path of "/home/kiki/realsuicidedrone/install/suicide_drone_msgs/local/lib/python3.10/dist-packages/suicide_drone_msgs/suicide_drone_msgs_s__rosidl_typesupport_introspection_c.cpython-310-x86_64-linux-gnu.so" to ""
[3.521s] -- Installing: /home/kiki/realsuicidedrone/install/suicide_drone_msgs/local/lib/python3.10/dist-packages/suicide_drone_msgs/suicide_drone_msgs_s__rosidl_typesupport_c.cpython-310-x86_64-linux-gnu.so
[3.521s] -- Set runtime path of "/home/kiki/realsuicidedrone/install/suicide_drone_msgs/local/lib/python3.10/dist-packages/suicide_drone_msgs/suicide_drone_msgs_s__rosidl_typesupport_c.cpython-310-x86_64-linux-gnu.so" to ""
[3.521s] -- Installing: /home/kiki/realsuicidedrone/install/suicide_drone_msgs/lib/libsuicide_drone_msgs__rosidl_generator_py.so
[3.522s] -- Set runtime path of "/home/kiki/realsuicidedrone/install/suicide_drone_msgs/lib/libsuicide_drone_msgs__rosidl_generator_py.so" to ""
[3.522s] -- Installing: /home/kiki/realsuicidedrone/install/suicide_drone_msgs/share/suicide_drone_msgs/msg/TargetInfo.idl
[3.522s] -- Installing: /home/kiki/realsuicidedrone/install/suicide_drone_msgs/share/suicide_drone_msgs/msg/IBVSOutput.idl
[3.522s] -- Installing: /home/kiki/realsuicidedrone/install/suicide_drone_msgs/share/suicide_drone_msgs/msg/GuidanceCmd.idl
[3.522s] -- Installing: /home/kiki/realsuicidedrone/install/suicide_drone_msgs/share/suicide_drone_msgs/msg/TargetInfo.msg
[3.522s] -- Installing: /home/kiki/realsuicidedrone/install/suicide_drone_msgs/share/suicide_drone_msgs/msg/IBVSOutput.msg
[3.522s] -- Installing: /home/kiki/realsuicidedrone/install/suicide_drone_msgs/share/suicide_drone_msgs/msg/GuidanceCmd.msg
[3.522s] -- Installing: /home/kiki/realsuicidedrone/install/suicide_drone_msgs/share/ament_index/resource_index/package_run_dependencies/suicide_drone_msgs
[3.523s] -- Installing: /home/kiki/realsuicidedrone/install/suicide_drone_msgs/share/ament_index/resource_index/parent_prefix_path/suicide_drone_msgs
[3.523s] -- Installing: /home/kiki/realsuicidedrone/install/suicide_drone_msgs/share/suicide_drone_msgs/environment/ament_prefix_path.sh
[3.523s] -- Installing: /home/kiki/realsuicidedrone/install/suicide_drone_msgs/share/suicide_drone_msgs/environment/ament_prefix_path.dsv
[3.523s] -- Installing: /home/kiki/realsuicidedrone/install/suicide_drone_msgs/share/suicide_drone_msgs/environment/path.sh
[3.523s] -- Installing: /home/kiki/realsuicidedrone/install/suicide_drone_msgs/share/suicide_drone_msgs/environment/path.dsv
[3.523s] -- Installing: /home/kiki/realsuicidedrone/install/suicide_drone_msgs/share/suicide_drone_msgs/local_setup.bash
[3.523s] -- Installing: /home/kiki/realsuicidedrone/install/suicide_drone_msgs/share/suicide_drone_msgs/local_setup.sh
[3.523s] -- Installing: /home/kiki/realsuicidedrone/install/suicide_drone_msgs/share/suicide_drone_msgs/local_setup.zsh
[3.524s] -- Installing: /home/kiki/realsuicidedrone/install/suicide_drone_msgs/share/suicide_drone_msgs/local_setup.dsv
[3.524s] -- Installing: /home/kiki/realsuicidedrone/install/suicide_drone_msgs/share/suicide_drone_msgs/package.dsv
[3.524s] -- Installing: /home/kiki/realsuicidedrone/install/suicide_drone_msgs/share/ament_index/resource_index/packages/suicide_drone_msgs
[3.524s] -- Installing: /home/kiki/realsuicidedrone/install/suicide_drone_msgs/share/suicide_drone_msgs/cmake/export_suicide_drone_msgs__rosidl_generator_cExport.cmake
[3.524s] -- Installing: /home/kiki/realsuicidedrone/install/suicide_drone_msgs/share/suicide_drone_msgs/cmake/export_suicide_drone_msgs__rosidl_generator_cExport-noconfig.cmake
[3.524s] -- Installing: /home/kiki/realsuicidedrone/install/suicide_drone_msgs/share/suicide_drone_msgs/cmake/export_suicide_drone_msgs__rosidl_typesupport_fastrtps_cExport.cmake
[3.524s] -- Installing: /home/kiki/realsuicidedrone/install/suicide_drone_msgs/share/suicide_drone_msgs/cmake/export_suicide_drone_msgs__rosidl_typesupport_fastrtps_cExport-noconfig.cmake
[3.525s] -- Installing: /home/kiki/realsuicidedrone/install/suicide_drone_msgs/share/suicide_drone_msgs/cmake/export_suicide_drone_msgs__rosidl_generator_cppExport.cmake
[3.525s] -- Installing: /home/kiki/realsuicidedrone/install/suicide_drone_msgs/share/suicide_drone_msgs/cmake/export_suicide_drone_msgs__rosidl_typesupport_fastrtps_cppExport.cmake
[3.525s] -- Installing: /home/kiki/realsuicidedrone/install/suicide_drone_msgs/share/suicide_drone_msgs/cmake/export_suicide_drone_msgs__rosidl_typesupport_fastrtps_cppExport-noconfig.cmake
[3.525s] -- Installing: /home/kiki/realsuicidedrone/install/suicide_drone_msgs/share/suicide_drone_msgs/cmake/suicide_drone_msgs__rosidl_typesupport_introspection_cExport.cmake
[3.525s] -- Installing: /home/kiki/realsuicidedrone/install/suicide_drone_msgs/share/suicide_drone_msgs/cmake/suicide_drone_msgs__rosidl_typesupport_introspection_cExport-noconfig.cmake
[3.525s] -- Installing: /home/kiki/realsuicidedrone/install/suicide_drone_msgs/share/suicide_drone_msgs/cmake/suicide_drone_msgs__rosidl_typesupport_cExport.cmake
[3.525s] -- Installing: /home/kiki/realsuicidedrone/install/suicide_drone_msgs/share/suicide_drone_msgs/cmake/suicide_drone_msgs__rosidl_typesupport_cExport-noconfig.cmake
[3.525s] -- Installing: /home/kiki/realsuicidedrone/install/suicide_drone_msgs/share/suicide_drone_msgs/cmake/suicide_drone_msgs__rosidl_typesupport_introspection_cppExport.cmake
[3.526s] -- Installing: /home/kiki/realsuicidedrone/install/suicide_drone_msgs/share/suicide_drone_msgs/cmake/suicide_drone_msgs__rosidl_typesupport_introspection_cppExport-noconfig.cmake
[3.526s] -- Installing: /home/kiki/realsuicidedrone/install/suicide_drone_msgs/share/suicide_drone_msgs/cmake/suicide_drone_msgs__rosidl_typesupport_cppExport.cmake
[3.526s] -- Installing: /home/kiki/realsuicidedrone/install/suicide_drone_msgs/share/suicide_drone_msgs/cmake/suicide_drone_msgs__rosidl_typesupport_cppExport-noconfig.cmake
[3.526s] -- Installing: /home/kiki/realsuicidedrone/install/suicide_drone_msgs/share/suicide_drone_msgs/cmake/export_suicide_drone_msgs__rosidl_generator_pyExport.cmake
[3.526s] -- Installing: /home/kiki/realsuicidedrone/install/suicide_drone_msgs/share/suicide_drone_msgs/cmake/export_suicide_drone_msgs__rosidl_generator_pyExport-noconfig.cmake
[3.526s] -- Installing: /home/kiki/realsuicidedrone/install/suicide_drone_msgs/share/suicide_drone_msgs/cmake/rosidl_cmake-extras.cmake
[3.526s] -- Installing: /home/kiki/realsuicidedrone/install/suicide_drone_msgs/share/suicide_drone_msgs/cmake/ament_cmake_export_dependencies-extras.cmake
[3.526s] -- Installing: /home/kiki/realsuicidedrone/install/suicide_drone_msgs/share/suicide_drone_msgs/cmake/ament_cmake_export_include_directories-extras.cmake
[3.527s] -- Installing: /home/kiki/realsuicidedrone/install/suicide_drone_msgs/share/suicide_drone_msgs/cmake/ament_cmake_export_libraries-extras.cmake
[3.527s] -- Installing: /home/kiki/realsuicidedrone/install/suicide_drone_msgs/share/suicide_drone_msgs/cmake/ament_cmake_export_targets-extras.cmake
[3.527s] -- Installing: /home/kiki/realsuicidedrone/install/suicide_drone_msgs/share/suicide_drone_msgs/cmake/rosidl_cmake_export_typesupport_targets-extras.cmake
[3.527s] -- Installing: /home/kiki/realsuicidedrone/install/suicide_drone_msgs/share/suicide_drone_msgs/cmake/rosidl_cmake_export_typesupport_libraries-extras.cmake
[3.527s] -- Installing: /home/kiki/realsuicidedrone/install/suicide_drone_msgs/share/suicide_drone_msgs/cmake/suicide_drone_msgsConfig.cmake
[3.527s] -- Installing: /home/kiki/realsuicidedrone/install/suicide_drone_msgs/share/suicide_drone_msgs/cmake/suicide_drone_msgsConfig-version.cmake
[3.527s] -- Installing: /home/kiki/realsuicidedrone/install/suicide_drone_msgs/share/suicide_drone_msgs/package.xml
[3.529s] Invoked command in '/home/kiki/realsuicidedrone/build/suicide_drone_msgs' returned '0': CMAKE_PREFIX_PATH=/opt/ros/humble /usr/bin/cmake --install /home/kiki/realsuicidedrone/build/suicide_drone_msgs
